message: {'type': 'send', 'payload': 'API Monitor | SharedPreferences | contains - (auto_init:null)'} data: None
message: {'type': 'send', 'payload': 'API Monitor | SharedPreferences | contains - (firebase_data_collection_default_enabled:null)'} data: None
message: {'type': 'send', 'payload': 'API Monitor | SharedPreferences | getString - (topic_operation_queue:null)'} data: None
message: {'type': 'send', 'payload': 'API Monitor | SharedPreferences | getString - (|T|552367303137|*:{"token":"fmJ5dLPhSOufS7xRb8YWQL:APA91bFWztPBudF-GkUAEtlfP2SaFqzoFrJkBK4vCZ-0xBglHuh9FAO8wNcSc28Vbfh-7TGAszylm8tK6f5DvO-eau9A2fYil1PqF2jEEIzX7ZD4rpsVo6Cc3uo9pQ5ualaYZX8p3FTz","appVersion":"2410170","timestamp":1682270539866})'} data: None
message: {'type': 'send', 'payload': 'API Monitor | SharedPreferences | getBoolean - (proxy_notification_initialized:true)'} data: None
message: {'type': 'send', 'payload': 'API Monitor | SharedPreferences | contains - (firebase_crashlytics_collection_enabled:null)'} data: None
message: {'type': 'send', 'payload': 'API Monitor | SharedPreferences | getString - (existing_instance_identifier:71048e3f8855c5107a77962a2822ca3a06000685)'} data: None
message: {'type': 'send', 'payload': 'API Monitor | SharedPreferences | getString - (firebase.installation.id:SYN_6083d09a-c4f5-462c-8abb-f6d1fc3a6908)'} data: None
message: {'type': 'send', 'payload': 'API Monitor | SharedPreferences | getString - (crashlytics.installation.id:939d759582f446cead21ab777f35fcfd)'} data: None
message: {'type': 'send', 'payload': 'API Monitor | SharedPreferences | getBoolean - (has_been_opened:true)'} data: None
message: {'type': 'send', 'payload': 'API Monitor | SharedPreferences | getString - (last-used-date:2023-04-28)'} data: None
message: {'type': 'send', 'payload': 'API Monitor | SharedPreferences | contains - (adfit_adid:true)'} data: None
message: {'type': 'send', 'payload': 'API Monitor | SharedPreferences | contains - (adfit_limited:true)'} data: None
message: {'type': 'send', 'payload': 'API Monitor | SharedPreferences | getString - (adfit-sdkid:56f8fc08-f529-465d-939a-97b0aed72727)'} data: None
message: {'type': 'send', 'payload': 'API Monitor | SharedPreferences | contains - (measurement_enabled:null)'} data: None
message: {'type': 'send', 'payload': 'API Monitor | SharedPreferences | getString - (consent_settings:G1)'} data: None
message: {'type': 'send', 'payload': 'API Monitor | SharedPreferences | getInt - (consent_source:100)'} data: None
message: {'type': 'send', 'payload': 'API Monitor | SharedPreferences | getLong - (first_open_time:1682032023939)'} data: None
message: {'type': 'send', 'payload': 'API Monitor | SharedPreferences | getLong - (deferred_attribution_cache_timestamp:0)'} data: None
message: {'type': 'send', 'payload': 'API Monitor | SharedPreferences | getString - (gmp_app_id:1:552367303137:android:b650fef8b606535f)'} data: None
message: {'type': 'send', 'payload': 'API Monitor | SharedPreferences | getString - (admob_app_id:null)'} data: None
message: {'type': 'send', 'payload': 'API Monitor | SharedPreferences | putString - (gmp_app_id:1:552367303137:android:b650fef8b606535f)'} data: None
message: {'type': 'send', 'payload': 'API Monitor | SharedPreferences | putString - (admob_app_id:null)'} data: None
message: {'type': 'send', 'payload': 'API Monitor | SharedPreferences | getString - (consent_settings:G1)'} data: None
message: {'type': 'send', 'payload': 'API Monitor | SharedPreferences | getString - (app_instance_id:0eacf4a0ec22bd7e0854435d84474122)'} data: None
message: {'type': 'send', 'payload': 'API Monitor | SharedPreferences | getString - (firebase_feature_rollouts:null)'} data: None
message: {'type': 'send', 'payload': 'API Monitor | SharedPreferences | contains - (measurement_enabled:null)'} data: None
message: {'type': 'send', 'payload': 'API Monitor | SharedPreferences | contains - (deferred_analytics_collection:true)'} data: None
message: {'type': 'send', 'payload': 'API Monitor | SharedPreferences | getLong - (health_monitor:start:1682617995222)'} data: None
message: {'type': 'send', 'payload': 'API Monitor | SharedPreferences | contains - (measurement_enabled:null)'} data: None
message: {'type': 'send', 'payload': 'API Monitor | SharedPreferences | contains - (measurement_enabled:null)'} data: None
message: {'type': 'send', 'payload': 'API Monitor | SharedPreferences | getBoolean - (deferred_analytics_collection:null)'} data: None
message: {'type': 'send', 'payload': 'API Monitor | SharedPreferences | getString - (consent_settings:G1)'} data: None
message: {'type': 'send', 'payload': 'API Monitor | SharedPreferences | getString - (consent_settings:G1)'} data: None
message: {'type': 'send', 'payload': 'API Monitor | SharedPreferences | contains - (use_service:true)'} data: None
message: {'type': 'send', 'payload': 'API Monitor | SharedPreferences | getBoolean - (use_service:true)'} data: None
message: {'type': 'send', 'payload': 'API Monitor | SharedPreferences | getString - (previous_os_version:11)'} data: None
message: {'type': 'send', 'payload': 'API Monitor | SharedPreferences | getLong - (session_timeout:1800000)'} data: None
message: {'type': 'send', 'payload': 'API Monitor | SharedPreferences | getLong - (last_pause_time:1682683862048)'} data: None
message: {'type': 'send', 'payload': 'API Monitor | SharedPreferences | contains - (measurement_enabled:null)'} data: None
message: {'type': 'send', 'payload': 'API Monitor | SharedPreferences | contains - (measurement_enabled:null)'} data: None
message: {'type': 'send', 'payload': 'API Monitor | SharedPreferences | getBoolean - (deferred_analytics_collection:null)'} data: None
message: {'type': 'send', 'payload': 'API Monitor | SharedPreferences | getString - (consent_settings:G1)'} data: None
message: {'type': 'send', 'payload': 'API Monitor | SharedPreferences | getString - (default_event_parameters:null)'} data: None
message: {'type': 'send', 'payload': 'API Monitor | SharedPreferences | contains - (measurement_enabled:null)'} data: None
message: {'type': 'send', 'payload': 'API Monitor | SharedPreferences | contains - (measurement_enabled:null)'} data: None
message: {'type': 'send', 'payload': 'API Monitor | SharedPreferences | getBoolean - (deferred_analytics_collection:null)'} data: None
message: {'type': 'send', 'payload': 'API Monitor | SharedPreferences | getString - (consent_settings:G1)'} data: None
message: {'type': 'send', 'payload': 'API Monitor | SharedPreferences | putBoolean - (allow_remote_dynamite:true)'} data: None
message: {'type': 'send', 'payload': 'API Monitor | SharedPreferences | contains - (kaccountAlertType:null)'} data: None
message: {'type': 'send', 'payload': 'API Monitor | SharedPreferences | contains - (kaccountAlertLocation:null)'} data: None
message: {'type': 'send', 'payload': 'API Monitor | SharedPreferences | contains - (country_code:null)'} data: None
message: {'type': 'send', 'payload': 'API Monitor | SharedPreferences | contains - (contactCountry:null)'} data: None
message: {'type': 'send', 'payload': 'API Monitor | SharedPreferences | contains - (customCountry:null)'} data: None
message: {'type': 'send', 'payload': 'API Monitor | SharedPreferences | contains - (pch:null)'} data: None
message: {'type': 'send', 'payload': 'API Monitor | SharedPreferences | contains - (old_user_id:null)'} data: None
message: {'type': 'send', 'payload': 'API Monitor | SharedPreferences | contains - (UUID:null)'} data: None
message: {'type': 'send', 'payload': 'API Monitor | SharedPreferences | contains - (imageQuality:null)'} data: None
message: {'type': 'send', 'payload': 'API Monitor | SharedPreferences | contains - (statusMessage:null)'} data: None
message: {'type': 'send', 'payload': 'API Monitor | SharedPreferences | contains - (userType:null)'} data: None
message: {'type': 'send', 'payload': 'API Monitor | SharedPreferences | contains - (profileImageUrl:null)'} data: None
message: {'type': 'send', 'payload': 'API Monitor | SharedPreferences | contains - (nickName:null)'} data: None
message: {'type': 'send', 'payload': 'API Monitor | SharedPreferences | contains - (identifiedPhoneNumber:null)'} data: None
message: {'type': 'send', 'payload': 'API Monitor | SharedPreferences | contains - (oldIdentifiedPhoneNumber:null)'} data: None
message: {'type': 'send', 'payload': 'API Monitor | SharedPreferences | contains - (rawPhoneNumber:null)'} data: None
message: {'type': 'send', 'payload': 'API Monitor | SharedPreferences | contains - (videoQuality:null)'} data: None
message: {'type': 'send', 'payload': 'API Monitor | SharedPreferences | contains - (labEvent:null)'} data: None
message: {'type': 'send', 'payload': 'API Monitor | SharedPreferences | contains - (NotificationToastOption:null)'} data: None
message: {'type': 'send', 'payload': 'API Monitor | SharedPreferences | contains - (NotificationPositionOption:null)'} data: None
message: {'type': 'send', 'payload': 'API Monitor | SharedPreferences | contains - (NotificationDisplayOption:null)'} data: None
message: {'type': 'send', 'payload': 'API Monitor | SharedPreferences | contains - (shake_mode:null)'} data: None
message: {'type': 'send', 'payload': 'API Monitor | SharedPreferences | contains - (shakehome_enable:null)'} data: None
message: {'type': 'send', 'payload': 'API Monitor | SharedPreferences | contains - (shakehome_qrcheckin:null)'} data: None
message: {'type': 'send', 'payload': 'API Monitor | SharedPreferences | contains - (shakehome_qrcard:null)'} data: None
message: {'type': 'send', 'payload': 'API Monitor | SharedPreferences | contains - (shakehome_codescan:null)'} data: None
message: {'type': 'send', 'payload': 'API Monitor | SharedPreferences | contains - (shakehome_payment:null)'} data: None
message: {'type': 'send', 'payload': 'API Monitor | SharedPreferences | contains - (shakehome_new:null)'} data: None
message: {'type': 'send', 'payload': 'API Monitor | SharedPreferences | contains - (screenMode:null)'} data: None
message: {'type': 'send', 'payload': 'API Monitor | SharedPreferences | contains - (daumSsoLoginAvailable:null)'} data: None
message: {'type': 'send', 'payload': 'API Monitor | SharedPreferences | contains - (keyword_notification_force_cut:null)'} data: None
message: {'type': 'send', 'payload': 'API Monitor | SharedPreferences | contains - (key_video_endcoding_min_sdk_version:null)'} data: None
message: {'type': 'send', 'payload': 'API Monitor | SharedPreferences | contains - (fullProfileImageUrl:null)'} data: None
message: {'type': 'send', 'payload': 'API Monitor | SharedPreferences | contains - (originalProfileImageUrl:null)'} data: None
message: {'type': 'send', 'payload': 'API Monitor | SharedPreferences | contains - (fullAnimatedProfileImageUrl:null)'} data: None
message: {'type': 'send', 'payload': 'API Monitor | SharedPreferences | contains - (originalAnimatedProfileImageUrl:null)'} data: None
message: {'type': 'send', 'payload': 'API Monitor | SharedPreferences | contains - (formattedPstnNumber:null)'} data: None
message: {'type': 'send', 'payload': 'API Monitor | SharedPreferences | contains - (formattedNsnNumber:null)'} data: None
message: {'type': 'send', 'payload': 'API Monitor | SharedPreferences | contains - (phoneNumberStatus:null)'} data: None
message: {'type': 'send', 'payload': 'API Monitor | SharedPreferences | contains - (kakao_account_status:null)'} data: None
message: {'type': 'send', 'payload': 'API Monitor | SharedPreferences | contains - (kakao_account_email:null)'} data: None
message: {'type': 'send', 'payload': 'API Monitor | SharedPreferences | contains - (kakao_account_verified:null)'} data: None
message: {'type': 'send', 'payload': 'API Monitor | SharedPreferences | contains - (accountId:null)'} data: None
message: {'type': 'send', 'payload': 'API Monitor | SharedPreferences | contains - (hashedAccountId:null)'} data: None
message: {'type': 'send', 'payload': 'API Monitor | SharedPreferences | contains - (accountDisplayId:null)'} data: None
message: {'type': 'send', 'payload': 'API Monitor | SharedPreferences | contains - (profileImage:null)'} data: None
message: {'type': 'send', 'payload': 'API Monitor | SharedPreferences | contains - (dirtiedPhoneNumber:null)'} data: None
message: {'type': 'send', 'payload': 'API Monitor | SharedPreferences | contains - (blockRevision:null)'} data: None
message: {'type': 'send', 'payload': 'API Monitor | SharedPreferences | contains - (plusBlockRevision:null)'} data: None
message: {'type': 'send', 'payload': 'API Monitor | SharedPreferences | contains - (requestedPhoneNumbers:null)'} data: None
message: {'type': 'send', 'payload': 'API Monitor | SharedPreferences | contains - (passcodeTimeOut:null)'} data: None
message: {'type': 'send', 'payload': 'API Monitor | SharedPreferences | contains - (userLocale:null)'} data: None
message: {'type': 'send', 'payload': 'API Monitor | SharedPreferences | contains - (keyword_notification_sync_conflicted:null)'} data: None
message: {'type': 'send', 'payload': 'API Monitor | SharedPreferences | contains - (video_hevc_supported:null)'} data: None
message: {'type': 'send', 'payload': 'API Monitor | SharedPreferences | contains - (installedApplicationVersionCode:null)'} data: None
message: {'type': 'send', 'payload': 'API Monitor | SharedPreferences | contains - (alert_sound:null)'} data: None
message: {'type': 'send', 'payload': 'API Monitor | SharedPreferences | contains - (settingsNewBadgeAvailable:null)'} data: None
message: {'type': 'send', 'payload': 'API Monitor | SharedPreferences | contains - (agree_adid_terms:null)'} data: None
message: {'type': 'send', 'payload': 'API Monitor | SharedPreferences | contains - (googleAdidPair:null)'} data: None
message: {'type': 'send', 'payload': 'API Monitor | SharedPreferences | contains - (memochat_user_id:null)'} data: None
message: {'type': 'send', 'payload': 'API Monitor | SharedPreferences | contains - (seenAccountNotice:null)'} data: None
message: {'type': 'send', 'payload': 'API Monitor | SharedPreferences | contains - (seenNewAccountNotice:null)'} data: None
message: {'type': 'send', 'payload': 'API Monitor | SharedPreferences | contains - (mccmnc:null)'} data: None
message: {'type': 'send', 'payload': 'API Monitor | SharedPreferences | contains - (screenToken:null)'} data: None
message: {'type': 'send', 'payload': 'API Monitor | SharedPreferences | contains - (decoration:null)'} data: None
message: {'type': 'send', 'payload': 'API Monitor | SharedPreferences | contains - (attestation_nonce:null)'} data: None
message: {'type': 'send', 'payload': 'API Monitor | SharedPreferences | contains - (birthdayNotification:null)'} data: None
message: {'type': 'send', 'payload': 'API Monitor | SharedPreferences | contains - (authenticationStatus:null)'} data: None
message: {'type': 'send', 'payload': 'API Monitor | SharedPreferences | contains - (authenticationViewData:null)'} data: None
message: {'type': 'send', 'payload': 'API Monitor | SharedPreferences | contains - (needToReauthenticate:null)'} data: None
message: {'type': 'send', 'payload': 'API Monitor | SharedPreferences | contains - (enterReauthentication:null)'} data: None
message: {'type': 'send', 'payload': 'API Monitor | SharedPreferences | contains - (signupSession:null)'} data: None
message: {'type': 'send', 'payload': 'API Monitor | SharedPreferences | contains - (exceed_request_sms:null)'} data: None
message: {'type': 'send', 'payload': 'API Monitor | SharedPreferences | contains - (authRequestRetryTime:null)'} data: None
message: {'type': 'send', 'payload': 'API Monitor | SharedPreferences | contains - (authMethod:null)'} data: None
message: {'type': 'send', 'payload': 'API Monitor | SharedPreferences | contains - (applied_theme:null)'} data: None
message: {'type': 'send', 'payload': 'API Monitor | SharedPreferences | contains - (theme_info_revision:null)'} data: None
message: {'type': 'send', 'payload': 'API Monitor | SharedPreferences | contains - (theme_badge_revision:null)'} data: None
message: {'type': 'send', 'payload': 'API Monitor | SharedPreferences | contains - (passcodeTimeoutAt:null)'} data: None
message: {'type': 'send', 'payload': 'API Monitor | SharedPreferences | contains - (smsRequestToken:null)'} data: None
message: {'type': 'send', 'payload': 'API Monitor | SharedPreferences | contains - (invalidate_auth_message:null)'} data: None
message: {'type': 'send', 'payload': 'API Monitor | SharedPreferences | contains - (pnChanged_auth_message:null)'} data: None
message: {'type': 'send', 'payload': 'API Monitor | SharedPreferences | contains - (cleanup_service_data:null)'} data: None
message: {'type': 'send', 'payload': 'API Monitor | SharedPreferences | contains - (theme_new_badge:null)'} data: None
message: {'type': 'send', 'payload': 'API Monitor | SharedPreferences | contains - (NotificationBadgeOnAppIcon:null)'} data: None
message: {'type': 'send', 'payload': 'API Monitor | SharedPreferences | contains - (enableNoticationSound:null)'} data: None
message: {'type': 'send', 'payload': 'API Monitor | SharedPreferences | contains - (enableNotication:null)'} data: None
message: {'type': 'send', 'payload': 'API Monitor | SharedPreferences | contains - (currentMainTab:null)'} data: None
message: {'type': 'send', 'payload': 'API Monitor | SharedPreferences | contains - (enableMultiChatPush:null)'} data: None
message: {'type': 'send', 'payload': 'API Monitor | SharedPreferences | contains - (enableNoAlertNoNotibar:null)'} data: None
message: {'type': 'send', 'payload': 'API Monitor | SharedPreferences | contains - (recentVersion:null)'} data: None
message: {'type': 'send', 'payload': 'API Monitor | SharedPreferences | contains - (chatMessageTextSize:null)'} data: None
message: {'type': 'send', 'payload': 'API Monitor | SharedPreferences | contains - (sub_device:null)'} data: None
message: {'type': 'send', 'payload': 'API Monitor | SharedPreferences | contains - (cshost:null)'} data: None
message: {'type': 'send', 'payload': 'API Monitor | SharedPreferences | contains - (csport:null)'} data: None
message: {'type': 'send', 'payload': 'API Monitor | SharedPreferences | contains - (cshost6:null)'} data: None
message: {'type': 'send', 'payload': 'API Monitor | SharedPreferences | contains - (vsshost:null)'} data: None
message: {'type': 'send', 'payload': 'API Monitor | SharedPreferences | contains - (vsshost6:null)'} data: None
message: {'type': 'send', 'payload': 'API Monitor | SharedPreferences | contains - (vssport:null)'} data: None
message: {'type': 'send', 'payload': 'API Monitor | SharedPreferences | contains - (available:null)'} data: None
message: {'type': 'send', 'payload': 'API Monitor | SharedPreferences | contains - (available2:null)'} data: None
message: {'type': 'send', 'payload': 'API Monitor | SharedPreferences | contains - (enableWalkietalkie:null)'} data: None
message: {'type': 'send', 'payload': 'API Monitor | SharedPreferences | contains - (checkVoiceCallAvailable:null)'} data: None
message: {'type': 'send', 'payload': 'API Monitor | SharedPreferences | contains - (product_build:null)'} data: None
message: {'type': 'send', 'payload': 'API Monitor | SharedPreferences | contains - (checkSmsAvailable:null)'} data: None
message: {'type': 'send', 'payload': 'API Monitor | SharedPreferences | contains - (revisionNumber:null)'} data: None
message: {'type': 'send', 'payload': 'API Monitor | SharedPreferences | contains - (revisionInfo:null)'} data: None
message: {'type': 'send', 'payload': 'API Monitor | SharedPreferences | contains - (location_agree:null)'} data: None
message: {'type': 'send', 'payload': 'API Monitor | SharedPreferences | contains - (voip_receive:null)'} data: None
message: {'type': 'send', 'payload': 'API Monitor | SharedPreferences | contains - (use_shopping_tab:null)'} data: None
message: {'type': 'send', 'payload': 'API Monitor | SharedPreferences | contains - (useSub:null)'} data: None
message: {'type': 'send', 'payload': 'API Monitor | SharedPreferences | contains - (notificationKeyword:null)'} data: None
message: {'type': 'send', 'payload': 'API Monitor | SharedPreferences | contains - (availableKeywordNotification:null)'} data: None
message: {'type': 'send', 'payload': 'API Monitor | SharedPreferences | contains - (finger_print_lock:null)'} data: None
message: {'type': 'send', 'payload': 'API Monitor | SharedPreferences | contains - (googleMapMode:null)'} data: None
message: {'type': 'send', 'payload': 'API Monitor | SharedPreferences | contains - (KeywordAlertSound:null)'} data: None
message: {'type': 'send', 'payload': 'API Monitor | SharedPreferences | contains - (googleMapKey:null)'} data: None
message: {'type': 'send', 'payload': 'API Monitor | SharedPreferences | contains - (signature:null)'} data: None
message: {'type': 'send', 'payload': 'API Monitor | SharedPreferences | contains - (keyboardPopupWindowEnabled:null)'} data: None
message: {'type': 'send', 'payload': 'API Monitor | SharedPreferences | contains - (snowFall:null)'} data: None
message: {'type': 'send', 'payload': 'API Monitor | SharedPreferences | contains - (pay_clipboard:null)'} data: None
message: {'type': 'send', 'payload': 'API Monitor | SharedPreferences | contains - (onlyReceiveGameMessageFromFriends:null)'} data: None
message: {'type': 'send', 'payload': 'API Monitor | SharedPreferences | contains - (doNotDisturbSettingEnable:null)'} data: None
message: {'type': 'send', 'payload': 'API Monitor | SharedPreferences | contains - (doNotDisturbSettingStartTime:null)'} data: None
message: {'type': 'send', 'payload': 'API Monitor | SharedPreferences | contains - (doNotDisturbSettingEndTime:null)'} data: None
message: {'type': 'send', 'payload': 'API Monitor | SharedPreferences | contains - (shouldShowAccessibilityScriptInjection:null)'} data: None
message: {'type': 'send', 'payload': 'API Monitor | SharedPreferences | contains - (info:null)'} data: None
message: {'type': 'send', 'payload': 'API Monitor | SharedPreferences | contains - (openlink_search_histroy:null)'} data: None
message: {'type': 'send', 'payload': 'API Monitor | SharedPreferences | contains - (trackerFireTime:null)'} data: None
message: {'type': 'send', 'payload': 'API Monitor | SharedPreferences | contains - (lessSettingsPollingInterval:null)'} data: None
message: {'type': 'send', 'payload': 'API Monitor | SharedPreferences | contains - (settingsPollingInterval:null)'} data: None
message: {'type': 'send', 'payload': 'API Monitor | SharedPreferences | contains - (contentTab:null)'} data: None
message: {'type': 'send', 'payload': 'API Monitor | SharedPreferences | contains - (showPlusFriendAdDisabledDialog:null)'} data: None
message: {'type': 'send', 'payload': 'API Monitor | SharedPreferences | contains - (plusFriendAdIds:null)'} data: None
message: {'type': 'send', 'payload': 'API Monitor | SharedPreferences | contains - (subdevice_kickout:null)'} data: None
message: {'type': 'send', 'payload': 'API Monitor | SharedPreferences | contains - (kickout_message:null)'} data: None
message: {'type': 'send', 'payload': 'API Monitor | SharedPreferences | contains - (signUpPostMessage:null)'} data: None
message: {'type': 'send', 'payload': 'API Monitor | SharedPreferences | contains - (authentication_at_install:null)'} data: None
message: {'type': 'send', 'payload': 'API Monitor | SharedPreferences | contains - (kickout_button_label:null)'} data: None
message: {'type': 'send', 'payload': 'API Monitor | SharedPreferences | contains - (kickout_button_url:null)'} data: None
message: {'type': 'send', 'payload': 'API Monitor | SharedPreferences | contains - (searchKeywordHistory:null)'} data: None
message: {'type': 'send', 'payload': 'API Monitor | SharedPreferences | contains - (kakaoAutoLoginDomain:null)'} data: None
message: {'type': 'send', 'payload': 'API Monitor | SharedPreferences | contains - (daumSsoDomain:null)'} data: None
message: {'type': 'send', 'payload': 'API Monitor | SharedPreferences | contains - (pinned_chatrooms:null)'} data: None
message: {'type': 'send', 'payload': 'API Monitor | SharedPreferences | contains - (chatroom_sort_order:null)'} data: None
message: {'type': 'send', 'payload': 'API Monitor | SharedPreferences | contains - (spush_token_base_2:null)'} data: None
message: {'type': 'send', 'payload': 'API Monitor | SharedPreferences | contains - (spush_token_base_3:null)'} data: None
message: {'type': 'send', 'payload': 'API Monitor | SharedPreferences | contains - (spush_token_base_4:null)'} data: None
message: {'type': 'send', 'payload': 'API Monitor | SharedPreferences | contains - (spush_token_base_9:null)'} data: None
message: {'type': 'send', 'payload': 'API Monitor | SharedPreferences | contains - (spush_token_base_10:null)'} data: None
message: {'type': 'send', 'payload': 'API Monitor | SharedPreferences | contains - (spush_token_base_11:null)'} data: None
message: {'type': 'send', 'payload': 'API Monitor | SharedPreferences | contains - (spush_token_base_12:null)'} data: None
message: {'type': 'send', 'payload': 'API Monitor | SharedPreferences | contains - (spush_token_base_15:null)'} data: None
message: {'type': 'send', 'payload': 'API Monitor | SharedPreferences | contains - (lastSelectedTab:null)'} data: None
message: {'type': 'send', 'payload': 'API Monitor | SharedPreferences | contains - (addressSuggestHistory:null)'} data: None
message: {'type': 'send', 'payload': 'API Monitor | SharedPreferences | contains - (updateRequired:null)'} data: None
message: {'type': 'send', 'payload': 'API Monitor | SharedPreferences | contains - (vibrate_pattern:null)'} data: None
message: {'type': 'send', 'payload': 'API Monitor | SharedPreferences | contains - (plusVideoAutoplayOption:null)'} data: None
message: {'type': 'send', 'payload': 'API Monitor | SharedPreferences | contains - (notiRcvsData:null)'} data: None
message: {'type': 'send', 'payload': 'API Monitor | SharedPreferences | contains - (sharpTextLongTapSearch:null)'} data: None
message: {'type': 'send', 'payload': 'API Monitor | SharedPreferences | contains - (sharpSearchTag:null)'} data: None
message: {'type': 'send', 'payload': 'API Monitor | SharedPreferences | contains - (locoExceptionSendToMoca:null)'} data: None
message: {'type': 'send', 'payload': 'API Monitor | SharedPreferences | contains - (anr_send_to_moca:null)'} data: None
message: {'type': 'send', 'payload': 'API Monitor | SharedPreferences | contains - (fcmDelayCreateAt:null)'} data: None
message: {'type': 'send', 'payload': 'API Monitor | SharedPreferences | contains - (fcmDelay:null)'} data: None
message: {'type': 'send', 'payload': 'API Monitor | SharedPreferences | contains - (video_transcoding_setting:null)'} data: None
message: {'type': 'send', 'payload': 'API Monitor | SharedPreferences | contains - (apihub_localSuggest:null)'} data: None
message: {'type': 'send', 'payload': 'API Monitor | SharedPreferences | contains - (apihub_localKeyword:null)'} data: None
message: {'type': 'send', 'payload': 'API Monitor | SharedPreferences | contains - (apihub_coord2address:null)'} data: None
message: {'type': 'send', 'payload': 'API Monitor | SharedPreferences | contains - (apihub_geocodeAddress:null)'} data: None
message: {'type': 'send', 'payload': 'API Monitor | SharedPreferences | contains - (apihub_placeOpenHour:null)'} data: None
message: {'type': 'send', 'payload': 'API Monitor | SharedPreferences | contains - (enableEmoticonSoundInChatroom:null)'} data: None
message: {'type': 'send', 'payload': 'API Monitor | SharedPreferences | contains - (chatroom_grouping:null)'} data: None
message: {'type': 'send', 'payload': 'API Monitor | SharedPreferences | contains - (chatroom_grouping_onoff:null)'} data: None
message: {'type': 'send', 'payload': 'API Monitor | SharedPreferences | contains - (is_first_time_chatroom_grouping:null)'} data: None
message: {'type': 'send', 'payload': 'API Monitor | SharedPreferences | contains - (sharpTabBadgeRevision:null)'} data: None
message: {'type': 'send', 'payload': 'API Monitor | SharedPreferences | contains - (sharpTabBadgeTo:null)'} data: None
message: {'type': 'send', 'payload': 'API Monitor | SharedPreferences | contains - (sharpTabBadgeFrom:null)'} data: None
message: {'type': 'send', 'payload': 'API Monitor | SharedPreferences | contains - (sharpTabBadgeConsumed:null)'} data: None
message: {'type': 'send', 'payload': 'API Monitor | SharedPreferences | contains - (globalTabBannerRevision:null)'} data: None
message: {'type': 'send', 'payload': 'API Monitor | SharedPreferences | contains - (globalTabBannerConsumedRevision:null)'} data: None
message: {'type': 'send', 'payload': 'API Monitor | SharedPreferences | contains - (globalTabBannerObject:null)'} data: None
message: {'type': 'send', 'payload': 'API Monitor | SharedPreferences | contains - (inhouseInventoryRevision:null)'} data: None
message: {'type': 'send', 'payload': 'API Monitor | SharedPreferences | contains - (inhouseInventoryObject:null)'} data: None
message: {'type': 'send', 'payload': 'API Monitor | SharedPreferences | contains - (dismissed_ignoring_battery_optimization:null)'} data: None
message: {'type': 'send', 'payload': 'API Monitor | SharedPreferences | contains - (hq_video_supported_at:null)'} data: None
message: {'type': 'send', 'payload': 'API Monitor | SharedPreferences | contains - (favorite_items:null)'} data: None
message: {'type': 'send', 'payload': 'API Monitor | SharedPreferences | contains - (chat_report_limit:null)'} data: None
message: {'type': 'send', 'payload': 'API Monitor | SharedPreferences | contains - (eklpkdns:null)'} data: None
message: {'type': 'send', 'payload': 'API Monitor | SharedPreferences | contains - (chat_delete_to_all_available_time:null)'} data: None
message: {'type': 'send', 'payload': 'API Monitor | SharedPreferences | contains - (friendListCollapsed:null)'} data: None
message: {'type': 'send', 'payload': 'API Monitor | SharedPreferences | contains - (hiddenFriendListCollapsed:null)'} data: None
message: {'type': 'send', 'payload': 'API Monitor | SharedPreferences | contains - (blockedFriendListCollapsed:null)'} data: None
message: {'type': 'send', 'payload': 'API Monitor | SharedPreferences | contains - (subDeviceLoginAlert:null)'} data: None
message: {'type': 'send', 'payload': 'API Monitor | SharedPreferences | contains - (friendAutomation:null)'} data: None
message: {'type': 'send', 'payload': 'API Monitor | SharedPreferences | contains - (friendRecommendation:null)'} data: None
message: {'type': 'send', 'payload': 'API Monitor | SharedPreferences | contains - (birthday_friends_enable:null)'} data: None
message: {'type': 'send', 'payload': 'API Monitor | SharedPreferences | contains - (vibration_on:null)'} data: None
message: {'type': 'send', 'payload': 'API Monitor | SharedPreferences | contains - (keywordLogList:null)'} data: None
message: {'type': 'send', 'payload': 'API Monitor | SharedPreferences | contains - (keywordLogChatRoom1st:null)'} data: None
message: {'type': 'send', 'payload': 'API Monitor | SharedPreferences | contains - (keywordLogUnread:null)'} data: None
message: {'type': 'send', 'payload': 'API Monitor | SharedPreferences | contains - (media_empty_mode:null)'} data: None
message: {'type': 'send', 'payload': 'API Monitor | SharedPreferences | contains - (groupCallMaxParticipantCount:null)'} data: None
message: {'type': 'send', 'payload': 'API Monitor | SharedPreferences | contains - (groupFaceCallMaxParticipantCount:null)'} data: None
message: {'type': 'send', 'payload': 'API Monitor | SharedPreferences | contains - (postExpirationFlag:null)'} data: None
message: {'type': 'send', 'payload': 'API Monitor | SharedPreferences | contains - (postExpirationTerm:null)'} data: None
message: {'type': 'send', 'payload': 'API Monitor | SharedPreferences | contains - (postExpirationPopupNotShow:null)'} data: None
message: {'type': 'send', 'payload': 'API Monitor | SharedPreferences | contains - (enableMultiPhoto:null)'} data: None
message: {'type': 'send', 'payload': 'API Monitor | SharedPreferences | contains - (enableReplyGesture:null)'} data: None
message: {'type': 'send', 'payload': 'API Monitor | SharedPreferences | contains - (enableReplyNotification:null)'} data: None
message: {'type': 'send', 'payload': 'API Monitor | SharedPreferences | contains - (warning_storage_size:null)'} data: None
message: {'type': 'send', 'payload': 'API Monitor | SharedPreferences | contains - (warning_storage_size_popup_date:null)'} data: None
message: {'type': 'send', 'payload': 'API Monitor | SharedPreferences | contains - (hide_memo_chat_popup:null)'} data: None
message: {'type': 'send', 'payload': 'API Monitor | SharedPreferences | contains - (master_db_file_size:null)'} data: None
message: {'type': 'send', 'payload': 'API Monitor | SharedPreferences | contains - (mention_notification_enabled:null)'} data: None
message: {'type': 'send', 'payload': 'API Monitor | SharedPreferences | contains - (open_chat_mention_notification_enabled:null)'} data: None
message: {'type': 'send', 'payload': 'API Monitor | SharedPreferences | contains - (mention_notification_sound_uri:null)'} data: None
message: {'type': 'send', 'payload': 'API Monitor | SharedPreferences | contains - (mode_night:null)'} data: None
message: {'type': 'send', 'payload': 'API Monitor | SharedPreferences | contains - (event_decoration_hide_date:null)'} data: None
message: {'type': 'send', 'payload': 'API Monitor | SharedPreferences | contains - (event_decoration:null)'} data: None
message: {'type': 'send', 'payload': 'API Monitor | SharedPreferences | contains - (event_decoration_tracked:null)'} data: None
message: {'type': 'send', 'payload': 'API Monitor | SharedPreferences | contains - (less_setting_kakao_alert_ids:null)'} data: None
message: {'type': 'send', 'payload': 'API Monitor | SharedPreferences | contains - (chatRoomDecorationRivision:null)'} data: None
message: {'type': 'send', 'payload': 'API Monitor | SharedPreferences | contains - (keyword_effect_list:null)'} data: None
message: {'type': 'send', 'payload': 'API Monitor | SharedPreferences | contains - (finger_print_bubble_lock:null)'} data: None
message: {'type': 'send', 'payload': 'API Monitor | SharedPreferences | contains - (sharpSearchCollectionSetting:null)'} data: None
message: {'type': 'send', 'payload': 'API Monitor | SharedPreferences | contains - (show_sent_media_dialog:null)'} data: None
message: {'type': 'send', 'payload': 'API Monitor | SharedPreferences | contains - (needToShowReadPhoneNumbersInfoDialog:null)'} data: None
message: {'type': 'send', 'payload': 'API Monitor | SharedPreferences | contains - (isEnableUpdatedFriends:null)'} data: None
message: {'type': 'send', 'payload': 'API Monitor | SharedPreferences | contains - (video_autoplay_alert_time_setting:null)'} data: None
message: {'type': 'send', 'payload': 'API Monitor | SharedPreferences | contains - (info_video_autoplay_always:null)'} data: None
message: {'type': 'send', 'payload': 'API Monitor | SharedPreferences | contains - (guide_video_autoplay_not_always:null)'} data: None
message: {'type': 'send', 'payload': 'API Monitor | SharedPreferences | contains - (wearOSAvailable:null)'} data: None
message: {'type': 'send', 'payload': 'API Monitor | SharedPreferences | contains - (wearNotiOptimized:null)'} data: None
message: {'type': 'send', 'payload': 'API Monitor | SharedPreferences | contains - (wearReplyPreset:null)'} data: None
message: {'type': 'send', 'payload': 'API Monitor | SharedPreferences | contains - (needToShowCustomThemeInfoDialog:null)'} data: None
message: {'type': 'send', 'payload': 'API Monitor | SharedPreferences | contains - (is_enable_split:null)'} data: None
message: {'type': 'send', 'payload': 'API Monitor | SharedPreferences | putBoolean - (is24HourformatLocale:null)'} data: None
message: {'type': 'send', 'payload': 'API Monitor | SharedPreferences | getString - (d_id:295c990ec4b3470b9df03827b4a9e38b5caf17cfc010bb18abab9aee622ec5f8)'} data: None
message: {'type': 'send', 'payload': 'API Monitor | SharedPreferences | contains - (featureFlags:null)'} data: None
message: {'type': 'send', 'payload': 'API Monitor | SharedPreferences | contains - (geoLocationLogEntries:null)'} data: None
message: {'type': 'send', 'payload': 'API Monitor | SharedPreferences | contains - (geoLocationLogIntervalInSeconds:null)'} data: None
message: {'type': 'send', 'payload': 'API Monitor | SharedPreferences | contains - (geoLocationFireTime:null)'} data: None
message: {'type': 'send', 'payload': 'API Monitor | SharedPreferences | contains - (chatroom_enter_option:null)'} data: None
message: {'type': 'send', 'payload': 'API Monitor | SharedPreferences | contains - (openChat:null)'} data: None
message: {'type': 'send', 'payload': 'API Monitor | SharedPreferences | contains - (birthday_friends:null)'} data: None
message: {'type': 'send', 'payload': 'API Monitor | SharedPreferences | contains - (landing_url:null)'} data: None
message: {'type': 'send', 'payload': 'API Monitor | SharedPreferences | contains - (last_birthday_date:null)'} data: None
message: {'type': 'send', 'payload': 'API Monitor | SharedPreferences | contains - (is_new_birthday_friends:null)'} data: None
message: {'type': 'send', 'payload': 'API Monitor | SharedPreferences | contains - (shouldSendAllContacts:null)'} data: None
message: {'type': 'send', 'payload': 'API Monitor | SharedPreferences | contains - (lastCheckUpToDate:null)'} data: None
message: {'type': 'send', 'payload': 'API Monitor | SharedPreferences | contains - (lastFriendsUpdatedAt:null)'} data: None
message: {'type': 'send', 'payload': 'API Monitor | SharedPreferences | contains - (fristLoading:null)'} data: None
message: {'type': 'send', 'payload': 'API Monitor | SharedPreferences | contains - (friendFirstLoading:null)'} data: None
message: {'type': 'send', 'payload': 'API Monitor | SharedPreferences | contains - (enableEnterToSend:null)'} data: None
message: {'type': 'send', 'payload': 'API Monitor | SharedPreferences | contains - (enableUUIDSearchable:null)'} data: None
message: {'type': 'send', 'payload': 'API Monitor | SharedPreferences | contains - (hide:null)'} data: None
message: {'type': 'send', 'payload': 'API Monitor | SharedPreferences | contains - (syncedFavoriteFriends:null)'} data: None
message: {'type': 'send', 'payload': 'API Monitor | SharedPreferences | contains - (qrcode_id:null)'} data: None
message: {'type': 'send', 'payload': 'API Monitor | SharedPreferences | contains - (contactNameSync:null)'} data: None
message: {'type': 'send', 'payload': 'API Monitor | SharedPreferences | contains - (show_friend_name_sync:null)'} data: None
message: {'type': 'send', 'payload': 'API Monitor | SharedPreferences | contains - (friendUpdateToken:null)'} data: None
message: {'type': 'send', 'payload': 'API Monitor | SharedPreferences | contains - (lastChatLogId:null)'} data: None
message: {'type': 'send', 'payload': 'API Monitor | SharedPreferences | contains - (mcmRevision:null)'} data: None
message: {'type': 'send', 'payload': 'API Monitor | SharedPreferences | contains - (plusChatStatusRevision:null)'} data: None
message: {'type': 'send', 'payload': 'API Monitor | SharedPreferences | contains - (friendsPollingInterval:null)'} data: None
message: {'type': 'send', 'payload': 'API Monitor | SharedPreferences | contains - (lastFriendsUpdateTimestamp:null)'} data: None
message: {'type': 'send', 'payload': 'API Monitor | SharedPreferences | contains - (lastFriendsRecommendListUpdateTimestamp:null)'} data: None
message: {'type': 'send', 'payload': 'API Monitor | SharedPreferences | contains - (friendsRecommendListPollingInterval:null)'} data: None
message: {'type': 'send', 'payload': 'API Monitor | SharedPreferences | contains - (recommended_friends_updated_at:null)'} data: None
message: {'type': 'send', 'payload': 'API Monitor | SharedPreferences | contains - (openlinkToken:null)'} data: None
message: {'type': 'send', 'payload': 'API Monitor | SharedPreferences | contains - (recommended_friends_clear_at:null)'} data: None
message: {'type': 'send', 'payload': 'API Monitor | SharedPreferences | contains - (recommended_friends_ids:null)'} data: None
message: {'type': 'send', 'payload': 'API Monitor | SharedPreferences | contains - (recommended_friends_clear_ids:null)'} data: None
message: {'type': 'send', 'payload': 'API Monitor | SharedPreferences | contains - (restore_done:null)'} data: None
message: {'type': 'send', 'payload': 'API Monitor | SharedPreferences | contains - (last_selected_profile_font_id:null)'} data: None
message: {'type': 'send', 'payload': 'API Monitor | SharedPreferences | contains - (isMigrated:null)'} data: None
message: {'type': 'send', 'payload': 'API Monitor | SharedPreferences | contains - (misc_setting_bitset_value:null)'} data: None
message: {'type': 'send', 'payload': 'API Monitor | SharedPreferences | contains - (notification_keyword_migrated:null)'} data: None
message: {'type': 'send', 'payload': 'API Monitor | SharedPreferences | contains - (passcode_fail_set:null)'} data: None
message: {'type': 'send', 'payload': 'API Monitor | SharedPreferences | contains - (passcode_fail_timestamp:null)'} data: None
message: {'type': 'send', 'payload': 'API Monitor | SharedPreferences | contains - (pattern_lock_mark:null)'} data: None
message: {'type': 'send', 'payload': 'API Monitor | SharedPreferences | contains - (lock_screen_type:null)'} data: None
message: {'type': 'send', 'payload': 'API Monitor | SharedPreferences | contains - (ekpakelwo:null)'} data: None
message: {'type': 'send', 'payload': 'API Monitor | SharedPreferences | contains - (KEY_WEATHER_LOCATION_JSON:null)'} data: None
message: {'type': 'send', 'payload': 'API Monitor | SharedPreferences | contains - (readNoticeId:null)'} data: None
message: {'type': 'send', 'payload': 'API Monitor | SharedPreferences | contains - (lastSecretChatRoomCreatedAt:null)'} data: None
message: {'type': 'send', 'payload': 'API Monitor | SharedPreferences | contains - (androidDownloadUrl:null)'} data: None
message: {'type': 'send', 'payload': 'API Monitor | SharedPreferences | contains - (document_inapp_browser:null)'} data: None
message: {'type': 'send', 'payload': 'API Monitor | SharedPreferences | getInt - (lastVersionCodeUsed:447211484)'} data: None
message: {'type': 'send', 'payload': 'API Monitor | SharedPreferences | getBoolean - (key_device_storage_management:null)'} data: None
message: {'type': 'send', 'payload': 'API Monitor | SharedPreferences | getBoolean - (key.gnb.notification.has_notification:null)'} data: None
message: {'type': 'send', 'payload': 'API Monitor | SharedPreferences | getString - (key.myview.feed.sort:EDIT)'} data: None
message: {'type': 'send', 'payload': 'API Monitor | SharedPreferences | getString - (|T|552367303137|*:{"token":"fmJ5dLPhSOufS7xRb8YWQL:APA91bFWztPBudF-GkUAEtlfP2SaFqzoFrJkBK4vCZ-0xBglHuh9FAO8wNcSc28Vbfh-7TGAszylm8tK6f5DvO-eau9A2fYil1PqF2jEEIzX7ZD4rpsVo6Cc3uo9pQ5ualaYZX8p3FTz","appVersion":"2410170","timestamp":1682270539866})'} data: None
message: {'type': 'send', 'payload': 'API Monitor | SharedPreferences | getString - (https://t1.kakaocdn.net/tiara/experiment/datafile/v1/9332.json:Tue, 15 Feb 2022 10:35:58 GMT)'} data: None
message: {'type': 'send', 'payload': 'API Monitor | SharedPreferences | getString - (tuid:q5Zf5Rx3poL2_230421010704269)'} data: None
message: {'type': 'send', 'payload': 'API Monitor | SharedPreferences | getString - (uuid:bvynkviFxjeZ_230421818969253)'} data: None
message: {'type': 'send', 'payload': 'API Monitor | SharedPreferences | getString - (install_date:2023-04-21)'} data: None
message: {'type': 'send', 'payload': 'API Monitor | SharedPreferences | getString - (install_referrer:null)'} data: None
message: {'type': 'send', 'payload': 'API Monitor | SharedPreferences | getString - (install_campaign:null)'} data: None
message: {'type': 'send', 'payload': 'API Monitor | SharedPreferences | getString - (install_medium:null)'} data: None
message: {'type': 'send', 'payload': 'API Monitor | SharedPreferences | getString - (install_source:null)'} data: None
message: {'type': 'send', 'payload': 'API Monitor | SharedPreferences | getString - (install_term:null)'} data: None
message: {'type': 'send', 'payload': 'API Monitor | SharedPreferences | getString - (install_content:null)'} data: None
message: {'type': 'send', 'payload': 'API Monitor | SharedPreferences | getString - (install_referrer_click_time:null)'} data: None
message: {'type': 'send', 'payload': 'API Monitor | SharedPreferences | getString - (install_begin_time:null)'} data: None
message: {'type': 'send', 'payload': 'API Monitor | SharedPreferences | getString - (install_first_launch_time:null)'} data: None
message: {'type': 'send', 'payload': 'API Monitor | SharedPreferences | contains - (pay_token:null)'} data: None
message: {'type': 'send', 'payload': 'API Monitor | SharedPreferences | getString - (com.kakao.sdk.version:2.8.1)'} data: None
message: {'type': 'send', 'payload': 'API Monitor | SharedPreferences | getString - (com.kakao.sdk.oauth_token:null)'} data: None
message: {'type': 'send', 'payload': 'API Monitor | SharedPreferences | contains - (adfit_adid:true)'} data: None
message: {'type': 'send', 'payload': 'API Monitor | SharedPreferences | contains - (adfit_limited:true)'} data: None
message: {'type': 'send', 'payload': 'API Monitor | SharedPreferences | getString - (adfit_adid:a42e75cd-19e5-43a5-a23b-d2390c100942)'} data: None
message: {'type': 'send', 'payload': 'API Monitor | SharedPreferences | getBoolean - (adfit_limited:null)'} data: None
message: {'type': 'send', 'payload': 'API Monitor | SharedPreferences | getLong - (adfit_cached_time:1682683833648)'} data: None
message: {'type': 'send', 'payload': 'API Monitor | SharedPreferences | getBoolean - (is_activated:null)'} data: None
message: {'type': 'send', 'payload': 'API Monitor | SharedPreferences | putBoolean - (app_backgrounded:null)'} data: None
message: {'type': 'send', 'payload': 'API Monitor | SharedPreferences | contains - (measurement_enabled:null)'} data: None
message: {'type': 'send', 'payload': 'API Monitor | SharedPreferences | putLong - (last_pause_time:1682683892601)'} data: None
message: {'type': 'send', 'payload': 'API Monitor | SharedPreferences | getBoolean - (start_new_session:null)'} data: None
message: {'type': 'send', 'payload': 'API Monitor | SharedPreferences | contains - (measurement_enabled:null)'} data: None
message: {'type': 'send', 'payload': 'API Monitor | SharedPreferences | getString - (last_registered_token:fmJ5dLPhSOufS7xRb8YWQL:APA91bFWztPBudF-GkUAEtlfP2SaFqzoFrJkBK4vCZ-0xBglHuh9FAO8wNcSc28Vbfh-7TGAszylm8tK6f5DvO-eau9A2fYil1PqF2jEEIzX7ZD4rpsVo6Cc3uo9pQ5ualaYZX8p3FTz)'} data: None
message: {'type': 'send', 'payload': 'API Monitor | SharedPreferences | getLong - (health_monitor:start:1682617995222)'} data: None
message: {'type': 'send', 'payload': 'API Monitor | SharedPreferences | contains - (measurement_enabled:null)'} data: None
message: {'type': 'send', 'payload': 'API Monitor | SharedPreferences | contains - (measurement_enabled:null)'} data: None
message: {'type': 'send', 'payload': 'API Monitor | SharedPreferences | getBoolean - (deferred_analytics_collection:null)'} data: None
message: {'type': 'send', 'payload': 'API Monitor | SharedPreferences | getString - (consent_settings:G1)'} data: None
message: {'type': 'send', 'payload': 'API Monitor | SharedPreferences | getInt - (new_message:1)'} data: None
message: {'type': 'send', 'payload': 'API Monitor | SharedPreferences | getInt - (new_message:1)'} data: None
message: {'type': 'send', 'payload': 'API Monitor | SharedPreferences | getInt - (new_message:1)'} data: None
message: {'type': 'send', 'payload': 'API Monitor | SharedPreferences | getInt - (keyword_new_message:null)'} data: None
message: {'type': 'send', 'payload': 'API Monitor | SharedPreferences | getInt - (new_message:1)'} data: None
message: {'type': 'send', 'payload': 'API Monitor | SharedPreferences | putLong - (recommend_global_openlink_request_time:1682683892643)'} data: None
message: {'type': 'send', 'payload': 'API Monitor | SharedPreferences | getString - (CACHE_KEY_REQUEST_RECOMMEND_FRIEND_LIST:{"total":1,"friends":[{"userId":12478601,"nickName":"희붐","profileImageUrl":"https:\\/\\/p.kakaocdn.net\\/th\\/talkp\\/wnip1cPprm\\/TyBo6S3buwIWXw61jYSma1\\/nknw28_110x110_c.jpg","fullProfileImageUrl":"https:\\/\\/p.kakaocdn.net\\/th\\/talkp\\/wnip1cPprm\\/TyBo6S3buwIWXw61jYSma1\\/nknw28_640x640_s.jpg","type":-2,"phoneNumber":"","statusMessage":"7 Figures","UUID":"","friendNickName":"","accountId":15286010,"originalProfileImageUrl":"https:\\/\\/p.kakaocdn.net\\/talkp\\/wnip1cPprm\\/TyBo6S3buwIWXw61jYSma1\\/nknw28.jpg","userType":0,"ext":{"recommendSource":"O"},"hidden":false,"purged":false,"favorite":false,"screenToken":0,"suspended":false,"directChatId":0}],"recommended_at":1682618319,"status":0})'} data: None
message: {'type': 'send', 'payload': 'API Monitor | SharedPreferences | putString - (CACHE_KEY_REQUEST_RECOMMEND_FRIEND_LIST:{"total":1,"friends":[{"userId":12478601,"nickName":"희붐","profileImageUrl":"https:\\/\\/p.kakaocdn.net\\/th\\/talkp\\/wnip1cPprm\\/TyBo6S3buwIWXw61jYSma1\\/nknw28_110x110_c.jpg","fullProfileImageUrl":"https:\\/\\/p.kakaocdn.net\\/th\\/talkp\\/wnip1cPprm\\/TyBo6S3buwIWXw61jYSma1\\/nknw28_640x640_s.jpg","type":-2,"phoneNumber":"","statusMessage":"7 Figures","UUID":"","friendNickName":"","accountId":15286010,"originalProfileImageUrl":"https:\\/\\/p.kakaocdn.net\\/talkp\\/wnip1cPprm\\/TyBo6S3buwIWXw61jYSma1\\/nknw28.jpg","userType":0,"ext":{"recommendSource":"O"},"hidden":false,"purged":false,"favorite":false,"screenToken":0,"suspended":false,"directChatId":0}],"recommended_at":1682618319,"status":0})'} data: None
message: {'type': 'send', 'payload': 'API Monitor | SharedPreferences | putString - (adfit_adid:a42e75cd-19e5-43a5-a23b-d2390c100942)'} data: None
message: {'type': 'send', 'payload': 'API Monitor | SharedPreferences | putBoolean - (adfit_limited:null)'} data: None
message: {'type': 'send', 'payload': 'API Monitor | SharedPreferences | putLong - (adfit_cached_time:1682683892742)'} data: None
message: {'type': 'send', 'payload': 'API Monitor | SharedPreferences | getLong - (last_reported_time:0)'} data: None
message: {'type': 'send', 'payload': 'API Monitor | SharedPreferences | getString - (connection_log:null)'} data: None
message: {'type': 'send', 'payload': 'API Monitor | SharedPreferences | getString - (fcm_process_failure:null)'} data: None
message: {'type': 'send', 'payload': 'API Monitor | SharedPreferences | getString - (encrypted_android_id:9fe21e30282514a06f387b4b2baee52cdb303c8d)'} data: None
message: {'type': 'send', 'payload': 'API Monitor | SharedPreferences | putString - (network_connect:April 28, 2023, 2:11 PM)'} data: None
message: {'type': 'send', 'payload': 'API Monitor | SharedPreferences | getString - (consent_settings:G1)'} data: None
message: {'type': 'send', 'payload': 'API Monitor | SharedPreferences | putString - (app_instance_id:0eacf4a0ec22bd7e0854435d84474122)'} data: None
message: {'type': 'send', 'payload': 'API Monitor | SharedPreferences | contains - (measurement_enabled:null)'} data: None
message: {'type': 'send', 'payload': 'API Monitor | SharedPreferences | putLong - (last_pause_time:1682683892918)'} data: None
message: {'type': 'send', 'payload': 'API Monitor | SharedPreferences | putBoolean - (app_backgrounded:null)'} data: None
message: {'type': 'send', 'payload': 'API Monitor | SharedPreferences | contains - (measurement_enabled:null)'} data: None
message: {'type': 'send', 'payload': 'API Monitor | SharedPreferences | putLong - (last_pause_time:1682683892962)'} data: None
message: {'type': 'send', 'payload': 'API Monitor | SharedPreferences | contains - (measurement_enabled:null)'} data: None
message: {'type': 'send', 'payload': 'API Monitor | SharedPreferences | getLong - (health_monitor:start:1682617995222)'} data: None
message: {'type': 'send', 'payload': 'API Monitor | SharedPreferences | contains - (measurement_enabled:null)'} data: None
message: {'type': 'send', 'payload': 'API Monitor | SharedPreferences | contains - (measurement_enabled:null)'} data: None
message: {'type': 'send', 'payload': 'API Monitor | SharedPreferences | getBoolean - (deferred_analytics_collection:null)'} data: None
message: {'type': 'send', 'payload': 'API Monitor | SharedPreferences | getString - (consent_settings:G1)'} data: None
message: {'type': 'send', 'payload': 'API Monitor | SharedPreferences | contains - (measurement_enabled:null)'} data: None
message: {'type': 'send', 'payload': 'API Monitor | SharedPreferences | putLong - (last_pause_time:1682683892976)'} data: None
message: {'type': 'send', 'payload': 'API Monitor | SharedPreferences | getString - (properties:{"revision":260,"age":"UNKNOWN","interval":86400000,"toros_service_log_key":"28d7ef8e3da273905f","plus":{"dictionary":{"maxUpdatedAt":1682582442000,"maxUpdatedAt2":1682582442000}},"promotion":{"tabs":[]}})'} data: None
message: {'type': 'send', 'payload': 'API Monitor | SharedPreferences | getLong - (properties_req_time:1682704719800)'} data: None
message: {'type': 'send', 'payload': 'API Monitor | SharedPreferences | getInt - (properties_revision:260)'} data: None
message: {'type': 'send', 'payload': 'API Monitor | SharedPreferences | getLong - (properties_keyword_dic_updatedat:0)'} data: None
message: {'type': 'send', 'payload': 'API Monitor | SharedPreferences | getString - (properties_emoticon_plus_me_info:{"revision":0,"since":0,"active":false})'} data: None
message: {'type': 'send', 'payload': 'API Monitor | SharedPreferences | getBoolean - (enable_chatroom_group:null)'} data: None
message: {'type': 'send', 'payload': 'API Monitor | SharedPreferences | getLong - (gridRevision:1680062771)'} data: None
message: {'type': 'send', 'payload': 'API Monitor | SharedPreferences | getLong - (cachedGridRevision:1680062771)'} data: None
message: {'type': 'send', 'payload': 'API Monitor | SharedPreferences | getString - (language:en)'} data: None
message: {'type': 'send', 'payload': 'API Monitor | SharedPreferences | getString - (categories:[{"key":"internalService","name":"placeHolder","viewType":"grid","services":[{"key":"tmail","name":"Mail","gridImage":"https://mud-kage.kakaocdn.net/dn/oODyN/btq9AJIrUg2/un6ASob4wkSRipRjIxhic0/talk.png","listImage":"https://mud-kage.kakaocdn.net/dn/oODyN/btq9AJIrUg2/un6ASob4wkSRipRjIxhic0/talk.png","imageTint":true,"type":"talkFeature"},{"key":"tcalendar","name":"Calendar","gridImage":"https://mud-kage.kakaocdn.net/dn/bQ8jJp/btqEG8F5WPs/XaPLfRA1v4MUpvaOa9GhOK/talk.png","listImage":"https://mud-kage.kakaocdn.net/dn/bQ8jJp/btqEG8F5WPs/XaPLfRA1v4MUpvaOa9GhOK/talk.png","imageTint":true,"type":"talkFeature","minVersion":"8.9.0"},{"key":"tdrive","name":"Talk Drive","gridImage":"https://mud-kage.kakaocdn.net/dn/ccOlgy/btqEJiAuIiX/4JF0RT6lGu1ZV26G3uxYKk/talk.png","listImage":"https://mud-kage.kakaocdn.net/dn/ccOlgy/btqEJiAuIiX/4JF0RT6lGu1ZV26G3uxYKk/talk.png","imageTint":true,"type":"talkFeature","minVersion":"8.9.0"},{"key":"emoticon","name":"Emoticons","gridImage":"https://mud-kage.kakaocdn.net/dn/elUcN4/btqEHN2vBc8/oWy0hxjVGcj0LtZfKWVLWK/talk.png","listImage":"https://mud-kage.kakaocdn.net/dn/elUcN4/btqEHN2vBc8/oWy0hxjVGcj0LtZfKWVLWK/talk.png","imageTint":true,"type":"talkFeature","minVersion":"8.9.0"},{"key":"theme","name":"Themes","gridImage":"https://mud-kage.kakaocdn.net/dn/bWcYZ4/btqEHOUIkJY/xkbLH1CtbvgxnKhhyO22h0/talk.png","listImage":"https://mud-kage.kakaocdn.net/dn/bWcYZ4/btqEHOUIkJY/xkbLH1CtbvgxnKhhyO22h0/talk.png","imageTint":true,"type":"talkFeature","minVersion":"8.9.0"},{"key":"openchat","name":"Openchat","gridImage":"https://mud-kage.kakaocdn.net/dn/dBXGU/btqEJBUSXgw/EIm1Oz7KsBZrDKA2O1RkIK/talk.png","listImage":"https://mud-kage.kakaocdn.net/dn/dBXGU/btqEJBUSXgw/EIm1Oz7KsBZrDKA2O1RkIK/talk.png","imageTint":true,"type":"web","url":"kakaoopen://home","minVersion":"8.9.0"},{"key":"account","name":"Account","gridImage":"https://mud-kage.kakaocdn.net/dn/d3QX5/btqEGS4xCKj/bbFy8tSEK3cl5iKIyPW87K/talk.png","listImage":"https://mud-kage.kakaocdn.net/dn/d3QX5/btqEGS4xCKj/bbFy8tSEK3cl5iKIyPW87K/talk.png","imageTint":true,"type":"talkFeature","minVersion":"8.9.0"}]}])'} data: None
message: {'type': 'send', 'payload': 'API Monitor | SharedPreferences | getBoolean - (autoSaveMode:true)'} data: None
message: {'type': 'send', 'payload': 'API Monitor | SharedPreferences | getString - (inputHistory:[{"key":"input","id":-1,"timestamp":1682485839602,"extra":"pay"},{"key":"input","id":-1,"timestamp":1682485812252,"extra":"music"}])'} data: None
message: {'type': 'send', 'payload': 'API Monitor | SharedPreferences | getString - (friendHistory:[])'} data: None
message: {'type': 'send', 'payload': 'API Monitor | SharedPreferences | getString - (chatRoomHistory:[])'} data: None
message: {'type': 'send', 'payload': 'API Monitor | SharedPreferences | getLong - (recommendsRequest:1682485800968)'} data: None
message: {'type': 'send', 'payload': 'API Monitor | SharedPreferences | getLong - (recommendsExpire:1000)'} data: None
message: {'type': 'send', 'payload': 'API Monitor | SharedPreferences | getString - (recommendsCache:{"collections":[],"placeholder":"Search","serverIntervalMs":200,"cacheExpiryMs":1000,"from":"tab-more","log":{"org":"kakao","service":"talk-finder","tab":"ENT"}})'} data: None
message: {'type': 'send', 'payload': 'API Monitor | SharedPreferences | getBoolean - (noticeItemRemoved:true)'} data: None
message: {'type': 'send', 'payload': 'API Monitor | SharedPreferences | getLong - (chatLogMigrationReservationTime:0)'} data: None
message: {'type': 'send', 'payload': 'API Monitor | SharedPreferences | getBoolean - (chatLogMigrationWithStart:null)'} data: None
message: {'type': 'send', 'payload': 'API Monitor | SharedPreferences | getLong - (chatLogSearchDaoSize:4096)'} data: None
message: {'type': 'send', 'payload': 'API Monitor | SharedPreferences | getInt - (chatLogMigrationState:2)'} data: None
message: {'type': 'send', 'payload': 'API Monitor | SharedPreferences | putBoolean - (app_backgrounded:null)'} data: None
message: {'type': 'send', 'payload': 'API Monitor | SharedPreferences | contains - (measurement_enabled:null)'} data: None
message: {'type': 'send', 'payload': 'API Monitor | SharedPreferences | putLong - (last_pause_time:1682683893118)'} data: None
message: {'type': 'send', 'payload': 'API Monitor | SharedPreferences | contains - (measurement_enabled:null)'} data: None
message: {'type': 'send', 'payload': 'API Monitor | SharedPreferences | getString - (newBadgeExpireTime:null)'} data: None
message: {'type': 'send', 'payload': 'API Monitor | SharedPreferences | getString - (newBadgeClearTime:{})'} data: None
message: {'type': 'send', 'payload': 'API Monitor | SharedPreferences | getLong - (health_monitor:start:1682617995222)'} data: None
message: {'type': 'send', 'payload': 'API Monitor | SharedPreferences | contains - (measurement_enabled:null)'} data: None
message: {'type': 'send', 'payload': 'API Monitor | SharedPreferences | contains - (measurement_enabled:null)'} data: None
message: {'type': 'send', 'payload': 'API Monitor | SharedPreferences | getBoolean - (deferred_analytics_collection:null)'} data: None
message: {'type': 'send', 'payload': 'API Monitor | SharedPreferences | getString - (consent_settings:G1)'} data: None
message: {'type': 'send', 'payload': 'API Monitor | SharedPreferences | getBoolean - (enable_chatroom_group:null)'} data: None
message: {'type': 'send', 'payload': 'API Monitor | SharedPreferences | getBoolean - (enable_chatroom_group:null)'} data: None
message: {'type': 'send', 'payload': 'API Monitor | SharedPreferences | getInt - (chatLogMigrationState:2)'} data: None
message: {'type': 'send', 'payload': 'API Monitor | SharedPreferences | getBoolean - (enable_chatroom_group:null)'} data: None
message: {'type': 'send', 'payload': 'API Monitor | SharedPreferences | getString - (allApps:[{"id":"1","name":"Suggestions","list":[{"id":"1491897293","name":"Kakao Story","iconImageUrl":"https:\\/\\/mud-kage.kakaocdn.net\\/dn\\/b0qT4X\\/btrrjYImXB5\\/ffLlkyNKr0j4Us2BikHhGK\\/talk.png","appId":"com.kakao.story","marketUrl":"market:\\/\\/details?id=com.kakao.story"},{"id":"1498716663","name":"kakao friends","iconImageUrl":"https:\\/\\/mud-kage.kakaocdn.net\\/dn\\/b9sPI7\\/btrrjhuB1wu\\/9DxL3YxvYTU62Kn51EDz0k\\/talk.png","webUrl":"http:\\/\\/store.kakaofriends.com"}]}])'} data: None
message: {'type': 'send', 'payload': 'API Monitor | SharedPreferences | getString - (campaignBanner:null)'} data: None
message: {'type': 'send', 'payload': 'API Monitor | SharedPreferences | getInt - (multi_profile_max_designation_slot:500)'} data: None
message: {'type': 'send', 'payload': 'API Monitor | SharedPreferences | getInt - (multi_profile_max_slot:3)'} data: None
message: {'type': 'send', 'payload': 'API Monitor | SharedPreferences | getLong - (multi_profile_list_revision:1682666674)'} data: None
message: {'type': 'send', 'payload': 'API Monitor | SharedPreferences | getLong - (designated_friends_revision:1682666674)'} data: None
message: {'type': 'send', 'payload': 'API Monitor | SharedPreferences | getBoolean - (enable_chatroom_group:null)'} data: None
message: {'type': 'send', 'payload': 'API Monitor | SharedPreferences | getBoolean - (is24HourformatLocale:null)'} data: None
message: {'type': 'send', 'payload': 'API Monitor | SharedPreferences | getBoolean - (enable_chatroom_group:null)'} data: None
message: {'type': 'send', 'payload': 'API Monitor | SharedPreferences | getBoolean - (enable_chatroom_group:null)'} data: None
message: {'type': 'send', 'payload': 'API Monitor | SharedPreferences | getBoolean - (drawerScreenShown:null)'} data: None
message: {'type': 'send', 'payload': 'API Monitor | SharedPreferences | getString - (local_category:[])'} data: None
message: {'type': 'send', 'payload': 'API Monitor | SharedPreferences | getString - (category_v2:[])'} data: None
message: {'type': 'send', 'payload': 'API Monitor | SharedPreferences | getString - (category:[])'} data: None
message: {'type': 'send', 'payload': 'API Monitor | SharedPreferences | getString - (collapsed_account:[])'} data: None
message: {'type': 'send', 'payload': 'API Monitor | SharedPreferences | getLong - (revision:0)'} data: None
message: {'type': 'send', 'payload': 'API Monitor | SharedPreferences | getLong - (special_revision:0)'} data: None
message: {'type': 'send', 'payload': 'API Monitor | SharedPreferences | getLong - (birthday_revision:0)'} data: None
message: {'type': 'send', 'payload': 'API Monitor | SharedPreferences | getLong - (birthday_update_at:0)'} data: None
message: {'type': 'send', 'payload': 'API Monitor | SharedPreferences | getLong - (subscribe_revision:0)'} data: None
message: {'type': 'send', 'payload': 'API Monitor | SharedPreferences | getLong - (team_revision:0)'} data: None
message: {'type': 'send', 'payload': 'API Monitor | SharedPreferences | getString - (has_account:null)'} data: None
message: {'type': 'send', 'payload': 'API Monitor | SharedPreferences | getBoolean - (refrect_encrypt:true)'} data: None
message: {'type': 'send', 'payload': 'API Monitor | SharedPreferences | getBoolean - (need_server_request:null)'} data: None
message: {'type': 'send', 'payload': 'API Monitor | SharedPreferences | getBoolean - (user_local_calendar:null)'} data: None
message: {'type': 'send', 'payload': 'API Monitor | SharedPreferences | getBoolean - (effect:null)'} data: None
message: {'type': 'send', 'payload': 'API Monitor | SharedPreferences | getInt - (attendee_limit:3000)'} data: None
message: {'type': 'send', 'payload': 'API Monitor | SharedPreferences | getInt - (sub_calendar_max_num:99)'} data: None
message: {'type': 'send', 'payload': 'API Monitor | SharedPreferences | getInt - (chat_limit:100)'} data: None
message: {'type': 'send', 'payload': 'API Monitor | SharedPreferences | getInt - (service_code:null)'} data: None
message: {'type': 'send', 'payload': 'API Monitor | SharedPreferences | getString - (widget_config_data:[])'} data: None
message: {'type': 'send', 'payload': 'API Monitor | SharedPreferences | getBoolean - (enable_chatroom_group:null)'} data: None
message: {'type': 'send', 'payload': 'API Monitor | SharedPreferences | getLong - (briefing.lastSent:1682667952)'} data: None
message: {'type': 'send', 'payload': 'API Monitor | SharedPreferences | getString - (display_resolution:320x592)'} data: None
message: {'type': 'send', 'payload': 'API Monitor | SharedPreferences | getString - (deviceCountry:US)'} data: None
message: {'type': 'send', 'payload': 'API Monitor | SharedPreferences | getInt - (since:1678238174)'} data: None
