Cipher hooks loaded!
[Cipher.getInstance()]: type: AES/CBC/PKCS5Padding
[Cipher.getInstance()]:  cipherObj: javax.crypto.Cipher@bb4f7c7
[Cipher.getInstance()]: type: AES/CBC/PKCS5Padding
[Cipher.getInstance()]:  cipherObj: javax.crypto.Cipher@187b92
[Cipher.init()]: mode: Encrypt mode, secretKey: javax.crypto.spec.SecretKeySpec spec:[object Object] , cipherObj: javax.crypto.Cipher@bb4f7c7
[Cipher.init()]: mode: Decrypt mode, secretKey: javax.crypto.spec.SecretKeySpec spec:[object Object] , cipherObj: javax.crypto.Cipher@187b92
[Cipher.getInstance()]: type: AES/CBC/PKCS5Padding
[Cipher.getInstance()]:  cipherObj: javax.crypto.Cipher@d4c3478
[Cipher.getInstance()]: type: AES/CBC/PKCS5Padding
[Cipher.getInstance()]:  cipherObj: javax.crypto.Cipher@e3f1751
[Cipher.init()]: mode: Encrypt mode, secretKey: javax.crypto.spec.SecretKeySpec spec:[object Object] , cipherObj: javax.crypto.Cipher@d4c3478
[Cipher.init()]: mode: Decrypt mode, secretKey: javax.crypto.spec.SecretKeySpec spec:[object Object] , cipherObj: javax.crypto.Cipher@e3f1751
[Cipher.doFinal2()]:   cipherObj: javax.crypto.Cipher@187b92
In buffer (cipher: AES/CBC/PKCS5Padding):

  Offset  00 01 02 03 04 05 06 07 08 09 0A 0B 0C 0D 0E 0F
00000000  49 DD 49 5B 13 86 A1 93 8C B3 C7 F0 AC BE C1 35  I.I[...........5

Result:

  Offset  00 01 02 03 04 05 06 07 08 09 0A 0B 0C 0D 0E 0F
00000000  34 30 30 34 32 33 37 30 36                       400423706       

[Cipher.getInstance()]: type: AES/CBC/PKCS5Padding
[Cipher.getInstance()]:  cipherObj: javax.crypto.Cipher@c4b97cb
[Cipher.getInstance()]: type: AES/CBC/PKCS5Padding
[Cipher.getInstance()]:  cipherObj: javax.crypto.Cipher@ca376c1
[Cipher.init()]: mode: Encrypt mode, secretKey: javax.crypto.spec.SecretKeySpec spec:[object Object] , cipherObj: javax.crypto.Cipher@c4b97cb
[Cipher.init()]: mode: Decrypt mode, secretKey: javax.crypto.spec.SecretKeySpec spec:[object Object] , cipherObj: javax.crypto.Cipher@ca376c1
[Cipher.getInstance()]: type: AES/CBC/PKCS5Padding
[Cipher.getInstance()]:  cipherObj: javax.crypto.Cipher@e6e5912
[Cipher.getInstance()]: type: AES/CBC/PKCS5Padding
[Cipher.getInstance()]:  cipherObj: javax.crypto.Cipher@21772e0
[Cipher.init()]: mode: Encrypt mode, secretKey: javax.crypto.spec.SecretKeySpec spec:[object Object] , cipherObj: javax.crypto.Cipher@e6e5912
[Cipher.init()]: mode: Decrypt mode, secretKey: javax.crypto.spec.SecretKeySpec spec:[object Object] , cipherObj: javax.crypto.Cipher@21772e0
[Cipher.getInstance()]: type: AES/CBC/PKCS5Padding
[Cipher.getInstance()]:  cipherObj: javax.crypto.Cipher@b35e140
[Cipher.getInstance()]: type: AES/CBC/PKCS5Padding
[Cipher.getInstance()]:  cipherObj: javax.crypto.Cipher@8129879
[Cipher.init()]: mode: Encrypt mode, secretKey: javax.crypto.spec.SecretKeySpec spec:[object Object] , cipherObj: javax.crypto.Cipher@b35e140
[Cipher.init()]: mode: Decrypt mode, secretKey: javax.crypto.spec.SecretKeySpec spec:[object Object] , cipherObj: javax.crypto.Cipher@8129879
[Cipher.getInstance()]: type: AES/CBC/PKCS5Padding
[Cipher.getInstance()]:  cipherObj: javax.crypto.Cipher@38d90d0
[Cipher.getInstance()]: type: AES/CBC/PKCS5Padding
[Cipher.getInstance()]:  cipherObj: javax.crypto.Cipher@64638c9
[Cipher.init()]: mode: Encrypt mode, secretKey: javax.crypto.spec.SecretKeySpec spec:[object Object] , cipherObj: javax.crypto.Cipher@38d90d0
[Cipher.init()]: mode: Decrypt mode, secretKey: javax.crypto.spec.SecretKeySpec spec:[object Object] , cipherObj: javax.crypto.Cipher@64638c9
[Cipher.getInstance()]: type: RSA/ECB/OAEPPadding
[Cipher.getInstance()]:  cipherObj: javax.crypto.Cipher@47ab053
[Cipher.init()]: mode: Encrypt mode, secretKey: com.android.org.conscrypt.OpenSSLRSAPublicKey , cipherObj: javax.crypto.Cipher@47ab053
[Cipher.init()]: mode: Encrypt mode, secretKey: com.android.org.conscrypt.OpenSSLRSAPublicKey secureRandom:java.security.SecureRandom@d288d90 , cipherObj: javax.crypto.Cipher@47ab053
[Cipher.getInstance()]: type: RSA/ECB/OAEPPadding
[Cipher.getInstance()]:  cipherObj: javax.crypto.Cipher@2c65689
[Cipher.init()]: mode: Encrypt mode, secretKey: com.android.org.conscrypt.OpenSSLRSAPublicKey , cipherObj: javax.crypto.Cipher@2c65689
[Cipher.init()]: mode: Encrypt mode, secretKey: com.android.org.conscrypt.OpenSSLRSAPublicKey secureRandom:java.security.SecureRandom@d288d90 , cipherObj: javax.crypto.Cipher@2c65689
[Cipher.doFinal2()]:   cipherObj: javax.crypto.Cipher@47ab053
In buffer (cipher: RSA/ECB/OAEPPadding):

  Offset  00 01 02 03 04 05 06 07 08 09 0A 0B 0C 0D 0E 0F
00000000  32 35 36 30 36 30 32 38 32                       256060282       

Result:

  Offset  00 01 02 03 04 05 06 07 08 09 0A 0B 0C 0D 0E 0F
00000000  70 2C DA 0A 4E BB E8 A8 9F BB A1 67 D2 F9 47 6D  p,..N......g..Gm
00000010  D6 A5 F2 BF DC A4 DE 96 AD 96 D5 32 55 46 26 F2  ...........2UF&.
00000020  E3 22 0D 42 D8 10 E1 9E 98 53 1E BD 20 4F 89 AC  .".B.....S.. O..
00000030  E6 2A D3 FF C9 6C C0 8F 56 86 7D 05 74 A6 FB B8  .*...l..V.}.t...
00000040  9D A1 EF FE 9C BE 57 60 54 E4 7F 9D B0 FF 12 9D  ......W`T......
00000050  6F 58 BB CC E3 D4 8E 83 D8 33 EF 91 6F 28 50 7B  oX.......3..o(P{
00000060  90 09 D2 5C 65 9B 5E 06 44 CB 7B 6C FE 0D 1E 92  ...\e.^.D.{l....
00000070  80 0F 16 BF 14 54 E6 E6 90 A6 B1 3F D8 B4 59 A2  .....T.....?..Y.
00000080  FD B0 9E 01 00 66 33 D2 EF BD 3B CB C2 7D BA AF  .....f3...;..}..
00000090  A2 C7 8F ED B4 D3 C2 F4 42 2E E5 8F 61 C1 B2 28  ........B...a..(
000000A0  4A 41 53 38 A8 E4 CA 73 17 FD AF 9E 71 14 B1 1D  JAS8...s....q...
000000B0  04 8C 78 15 08 DD 85 D1 15 C1 EA A3 26 8F 32 08  ..x.........&.2.
000000C0  EA 45 5F DD 3A 9B C0 91 98 D0 92 C6 62 EE E7 6F  .E_.:.......b..o
000000D0  BA C7 48 F7 5B 04 CF 5C 73 7F 63 AD 3E A0 8B F3  ..H.[..\sc.>...
000000E0  40 A3 19 03 B1 4B 2B 4C 2A 21 DC F6 DF 68 FD 12  @....K+L*!...h..
000000F0  A8 2D F8 9A 1B 83 F2 A1 E7 DD 1F 13 FA FE 9A 04  .-..............

[Cipher.doFinal2()]:   cipherObj: javax.crypto.Cipher@2c65689
In buffer (cipher: RSA/ECB/OAEPPadding):

  Offset  00 01 02 03 04 05 06 07 08 09 0A 0B 0C 0D 0E 0F
00000000  75 75 69 64 3D 4D 65 7A 44 77 65 4B 55 65 31 54  uuid=MezDweKUe1T
00000010  64 5F 32 33 30 34 32 36 33 31 39 33 37 37 38 38  d_23042631937788
00000020  32 2C 61 64 69 64 3D 65 33 32 65 65 37 65 62 2D  2,adid=e32ee7eb-
00000030  32 34 64 33 2D 34 65 63 65 2D 62 38 65 65 2D 35  24d3-4ece-b8ee-5
00000040  36 34 32 37 63 35 30 37 39 64 37 2C 61 64 69 64  6427c5079d7,adid
00000050  5F 65 6E 61 62 6C 65 64 3D 31                    _enabled=1      

Result:

  Offset  00 01 02 03 04 05 06 07 08 09 0A 0B 0C 0D 0E 0F
00000000  7D 1C A7 91 22 4C 67 5C 6A 40 B8 1B 97 B3 7A 61  }..."Lg\j@....za
00000010  58 94 75 BA 4B AC 9D C3 B2 55 76 11 4B E5 4F 52  X.u.K....Uv.K.OR
00000020  B5 E0 7E 6C 6B DD 63 A3 CA EE EE 02 08 B1 29 8D  ..~lk.c.......).
00000030  C6 2E 0D 69 49 9E 93 42 2F FC 2D 63 7C E3 D7 AD  ...iI..B/.-c|...
00000040  D4 F1 5B 77 E5 F9 D9 DF AF 0E CA D2 81 2A 8D D1  ..[w.........*..
00000050  46 44 3A AD 44 B3 D6 4D EC 21 78 4F 2E 07 3F 78  FD:.D..M.!xO..?x
00000060  98 E8 36 01 C1 84 D1 8D FB 72 1A 19 B2 EB 10 C0  ..6......r......
00000070  8E 83 51 F0 CE 3E 62 B7 68 F7 9C 6F 7C 44 55 F2  ..Q..>b.h..o|DU.
00000080  BD EB 37 33 AE 8C 45 D8 56 B7 C7 D1 C6 D5 DD CF  ..73..E.V.......
00000090  38 52 45 16 52 45 55 82 FC 6A 82 A2 80 65 92 28  8RE.REU..j...e.(
000000A0  91 3E 98 8E BF 02 57 EE 71 94 CB 69 49 CE 44 41  .>....W.q..iI.DA
000000B0  45 E6 00 3D 5A F9 6C 05 69 E4 19 A3 3F F1 8E 35  E..=Z.l.i...?..5
000000C0  36 47 0C A1 DC 71 17 7D 4E 57 EE 04 B0 16 7D 37  6G...q.}NW....}7
000000D0  E6 98 80 84 31 E0 B5 1A DA 4D 03 98 EE 10 B9 18  ....1....M......
000000E0  65 8C 21 C7 01 47 05 48 24 C0 0A C5 D3 36 4F C2  e.!..G.H$....6O.
000000F0  D3 D8 C6 42 8F 84 93 DA 45 9C A0 83 B6 28 D7 D5  ...B....E....(..

[Cipher.getInstance()]: type: AES/CBC/PKCS5Padding
[Cipher.getInstance()]:  cipherObj: javax.crypto.Cipher@fb4d245
[Cipher.getInstance()]: type: AES/CBC/PKCS5Padding
[Cipher.getInstance()]:  cipherObj: javax.crypto.Cipher@e6cbd9a
[Cipher.init()]: mode: Encrypt mode, secretKey: javax.crypto.spec.SecretKeySpec spec:[object Object] , cipherObj: javax.crypto.Cipher@fb4d245
[Cipher.init()]: mode: Decrypt mode, secretKey: javax.crypto.spec.SecretKeySpec spec:[object Object] , cipherObj: javax.crypto.Cipher@e6cbd9a
[Cipher.doFinal2()]:   cipherObj: javax.crypto.Cipher@e6cbd9a
In buffer (cipher: AES/CBC/PKCS5Padding):

  Offset  00 01 02 03 04 05 06 07 08 09 0A 0B 0C 0D 0E 0F
00000000  7B 15 DF 1D 84 A9 EC EC C6 76 5B 5D 29 1E 2F E0  {........v[])./.
00000010  BF 4E C6 20 D5 C1 C9 6A 4F 63 9B AA BD F3 CE AD  .N. ...jOc......
00000020  5B 21 F3 E7 55 9E 7B 04 35 D1 0A 24 70 A7 2A BC  [!..U.{.5..$p.*.
00000030  33 1D E1 F1 13 03 E8 F8 4D FC 67 F9 EE B8 19 B2  3.......M.g.....
00000040  BE 06 50 F3 DF 63 D6 C8 7D B8 96 8C AC 13 5F 33  ..P..c..}....._3
00000050  27 62 35 18 F2 99 94 96 76 55 D3 AB BF 88 34 B4  'b5.....vU....4.
00000060  BF 36 C5 E4 FD 0A FB D9 0E A8 FA 8A AD EB 7D 6B  .6............}k
00000070  BB 97 32 F8 58 C2 DE B2 89 36 72 F0 E4 0B 45 25  ..2.X....6r...E%
00000080  97 6A 0E 20 43 D7 D4 E9 09 C1 24 5B 46 85 2B F4  .j. C.....$[F.+.
00000090  17 1E AB 47 5D 70 2A C8 FE 99 D0 3C 18 3B 49 C7  ...G]p*....<.;I.
000000A0  F9 57 AC 88 14 55 2D 02 E4 71 92 68 51 6C 83 E2  .W...U-..q.hQl..
000000B0  86 5A AD C8 22 E3 0A 1A 07 B0 EC BC A2 6D CD E5  .Z.."........m..
000000C0  DA 03 BA A1 86 28 41 B9 DA 00 C4 39 1A 4E AF EF  .....(A....9.N..

Result:

  Offset  00 01 02 03 04 05 06 07 08 09 0A 0B 0C 0D 0E 0F
00000000  7B 22 61 63 63 65 73 73 5F 74 6F 6B 65 6E 22 3A  {"access_token":
00000010  22 34 33 38 30 30 37 36 63 32 36 37 66 34 30 38  "4380076c267f408
00000020  37 62 36 37 39 35 36 31 30 66 62 30 63 35 62 35  7b6795610fb0c5b5
00000030  66 30 30 30 30 30 30 31 36 38 32 35 30 39 31 37  f000000168250917
00000040  39 36 32 36 30 30 31 32 42 47 34 69 64 57 65 37  96260012BG4idWe7
00000050  73 73 22 2C 22 72 65 66 72 65 73 68 5F 74 6F 6B  ss","refresh_tok
00000060  65 6E 22 3A 22 64 33 37 31 30 35 39 34 37 64 61  en":"d37105947da
00000070  35 34 39 61 64 61 37 39 33 33 33 30 61 34 38 62  549ada793330a48b
00000080  34 66 31 39 63 30 30 30 30 30 30 31 36 38 32 35  4f19c00000016825
00000090  30 39 31 37 39 36 32 36 30 30 31 32 57 74 77 69  091796260012Wtwi
000000A0  59 38 78 31 6D 48 6E 30 54 31 4D 69 38 22 2C 22  Y8x1mHn0T1Mi8","
000000B0  74 6F 6B 65 6E 5F 74 79 70 65 22 3A 22 62 65 61  token_type":"bea
000000C0  72 65 72 22 7D                                   rer"}           

[Cipher.doFinal2()]:   cipherObj: javax.crypto.Cipher@e6cbd9a
In buffer (cipher: AES/CBC/PKCS5Padding):

  Offset  00 01 02 03 04 05 06 07 08 09 0A 0B 0C 0D 0E 0F
00000000  7B 15 DF 1D 84 A9 EC EC C6 76 5B 5D 29 1E 2F E0  {........v[])./.
00000010  BF 4E C6 20 D5 C1 C9 6A 4F 63 9B AA BD F3 CE AD  .N. ...jOc......
00000020  5B 21 F3 E7 55 9E 7B 04 35 D1 0A 24 70 A7 2A BC  [!..U.{.5..$p.*.
00000030  33 1D E1 F1 13 03 E8 F8 4D FC 67 F9 EE B8 19 B2  3.......M.g.....
00000040  BE 06 50 F3 DF 63 D6 C8 7D B8 96 8C AC 13 5F 33  ..P..c..}....._3
00000050  27 62 35 18 F2 99 94 96 76 55 D3 AB BF 88 34 B4  'b5.....vU....4.
00000060  BF 36 C5 E4 FD 0A FB D9 0E A8 FA 8A AD EB 7D 6B  .6............}k
00000070  BB 97 32 F8 58 C2 DE B2 89 36 72 F0 E4 0B 45 25  ..2.X....6r...E%
00000080  97 6A 0E 20 43 D7 D4 E9 09 C1 24 5B 46 85 2B F4  .j. C.....$[F.+.
00000090  17 1E AB 47 5D 70 2A C8 FE 99 D0 3C 18 3B 49 C7  ...G]p*....<.;I.
000000A0  F9 57 AC 88 14 55 2D 02 E4 71 92 68 51 6C 83 E2  .W...U-..q.hQl..
000000B0  86 5A AD C8 22 E3 0A 1A 07 B0 EC BC A2 6D CD E5  .Z.."........m..
000000C0  DA 03 BA A1 86 28 41 B9 DA 00 C4 39 1A 4E AF EF  .....(A....9.N..

Result:

  Offset  00 01 02 03 04 05 06 07 08 09 0A 0B 0C 0D 0E 0F
00000000  7B 22 61 63 63 65 73 73 5F 74 6F 6B 65 6E 22 3A  {"access_token":
00000010  22 34 33 38 30 30 37 36 63 32 36 37 66 34 30 38  "4380076c267f408
00000020  37 62 36 37 39 35 36 31 30 66 62 30 63 35 62 35  7b6795610fb0c5b5
00000030  66 30 30 30 30 30 30 31 36 38 32 35 30 39 31 37  f000000168250917
00000040  39 36 32 36 30 30 31 32 42 47 34 69 64 57 65 37  96260012BG4idWe7
00000050  73 73 22 2C 22 72 65 66 72 65 73 68 5F 74 6F 6B  ss","refresh_tok
00000060  65 6E 22 3A 22 64 33 37 31 30 35 39 34 37 64 61  en":"d37105947da
00000070  35 34 39 61 64 61 37 39 33 33 33 30 61 34 38 62  549ada793330a48b
00000080  34 66 31 39 63 30 30 30 30 30 30 31 36 38 32 35  4f19c00000016825
00000090  30 39 31 37 39 36 32 36 30 30 31 32 57 74 77 69  091796260012Wtwi
000000A0  59 38 78 31 6D 48 6E 30 54 31 4D 69 38 22 2C 22  Y8x1mHn0T1Mi8","
000000B0  74 6F 6B 65 6E 5F 74 79 70 65 22 3A 22 62 65 61  token_type":"bea
000000C0  72 65 72 22 7D                                   rer"}           

[Cipher.getInstance()]: type: AES/CBC/PKCS5Padding
[Cipher.getInstance()]:  cipherObj: javax.crypto.Cipher@c8ec552
[Cipher.getInstance()]: type: AES/CBC/PKCS5Padding
[Cipher.getInstance()]:  cipherObj: javax.crypto.Cipher@8553023
[Cipher.init()]: mode: Encrypt mode, secretKey: javax.crypto.spec.SecretKeySpec spec:[object Object] , cipherObj: javax.crypto.Cipher@c8ec552
[Cipher.init()]: mode: Decrypt mode, secretKey: javax.crypto.spec.SecretKeySpec spec:[object Object] , cipherObj: javax.crypto.Cipher@8553023
[Cipher.getInstance()]: type: AES/CBC/PKCS5Padding
[Cipher.getInstance()]:  cipherObj: javax.crypto.Cipher@1c0ab7f
[Cipher.getInstance()]: type: AES/CBC/PKCS5Padding
[Cipher.getInstance()]:  cipherObj: javax.crypto.Cipher@683e74c
[Cipher.init()]: mode: Encrypt mode, secretKey: javax.crypto.spec.SecretKeySpec spec:[object Object] , cipherObj: javax.crypto.Cipher@1c0ab7f
[Cipher.init()]: mode: Decrypt mode, secretKey: javax.crypto.spec.SecretKeySpec spec:[object Object] , cipherObj: javax.crypto.Cipher@683e74c
[Cipher.getInstance()]: type: AES/CBC/PKCS5Padding
[Cipher.getInstance()]:  cipherObj: javax.crypto.Cipher@f31acaa
[Cipher.getInstance()]: type: AES/CBC/PKCS5Padding
[Cipher.getInstance()]:  cipherObj: javax.crypto.Cipher@3e809b
[Cipher.init()]: mode: Encrypt mode, secretKey: javax.crypto.spec.SecretKeySpec spec:[object Object] , cipherObj: javax.crypto.Cipher@f31acaa
[Cipher.init()]: mode: Decrypt mode, secretKey: javax.crypto.spec.SecretKeySpec spec:[object Object] , cipherObj: javax.crypto.Cipher@3e809b
[Cipher.getInstance()]: type: AES/CBC/PKCS5Padding
[Cipher.getInstance()]:  cipherObj: javax.crypto.Cipher@8ae2c38
[Cipher.getInstance()]: type: AES/CBC/PKCS5Padding
[Cipher.getInstance()]:  cipherObj: javax.crypto.Cipher@ef21411
[Cipher.init()]: mode: Encrypt mode, secretKey: javax.crypto.spec.SecretKeySpec spec:[object Object] , cipherObj: javax.crypto.Cipher@8ae2c38
[Cipher.init()]: mode: Decrypt mode, secretKey: javax.crypto.spec.SecretKeySpec spec:[object Object] , cipherObj: javax.crypto.Cipher@ef21411
[Cipher.getInstance()]: type: AES/CBC/PKCS5Padding
[Cipher.getInstance()]:  cipherObj: javax.crypto.Cipher@b35d3e4
[Cipher.getInstance()]: type: AES/CBC/PKCS5Padding
[Cipher.getInstance()]:  cipherObj: javax.crypto.Cipher@2d2e04d
[Cipher.init()]: mode: Encrypt mode, secretKey: javax.crypto.spec.SecretKeySpec spec:[object Object] , cipherObj: javax.crypto.Cipher@b35d3e4
[Cipher.init()]: mode: Decrypt mode, secretKey: javax.crypto.spec.SecretKeySpec spec:[object Object] , cipherObj: javax.crypto.Cipher@2d2e04d
[Cipher.getInstance()]: type: AES/CBC/PKCS5Padding
[Cipher.getInstance()]:  cipherObj: javax.crypto.Cipher@ec625e0
[Cipher.getInstance()]: type: AES/CBC/PKCS5Padding
[Cipher.getInstance()]:  cipherObj: javax.crypto.Cipher@5289099
[Cipher.init()]: mode: Encrypt mode, secretKey: javax.crypto.spec.SecretKeySpec spec:[object Object] , cipherObj: javax.crypto.Cipher@ec625e0
[Cipher.init()]: mode: Decrypt mode, secretKey: javax.crypto.spec.SecretKeySpec spec:[object Object] , cipherObj: javax.crypto.Cipher@5289099
[Cipher.getInstance()]: type: AES/CBC/PKCS5Padding
[Cipher.getInstance()]:  cipherObj: javax.crypto.Cipher@197c00c
[Cipher.init()]: mode: Encrypt mode, secretKey: javax.crypto.spec.SecretKeySpec spec:[object Object] , cipherObj: javax.crypto.Cipher@197c00c
[Cipher.getInstance()]: type: AES/CBC/PKCS5Padding
[Cipher.getInstance()]:  cipherObj: javax.crypto.Cipher@f689d55
[Cipher.init()]: mode: Decrypt mode, secretKey: javax.crypto.spec.SecretKeySpec spec:[object Object] , cipherObj: javax.crypto.Cipher@f689d55
[Cipher.doFinal2()]:   cipherObj: javax.crypto.Cipher@f689d55
[Cipher.getInstance()]: type: AES/CBC/PKCS5Padding
In buffer (cipher: AES/CBC/PKCS5Padding):

  Offset  00 01 02 03 04 05 06 07 08 09 0A 0B 0C 0D 0E 0F
00000000  25 9B 0A 04 65 CF 03 F4 5A 44 57 76 1A 0F E8 81  %...e...ZDWv....
00000010  E3 76 6C CE 9F 9A 62 DD 4B 6D 74 44 7C 3B 3B 46  .vl...b.KmtD|;;F
00000020  2F B1 25 D4 31 63 8B 49 EB C1 36 53 35 F8 6E 8F  /.%.1c.I..6S5.n.
00000030  0E 49 9F 8C 44 3F 25 8A 7F 96 11 A1 A6 4D 83 CF  .I..D?%.....M..
00000040  5E FF 77 66 BA 41 80 23 69 58 02 EF CA 9A 27 6C  ^.wf.A.#iX....'l
00000050  D6 BD DE CC 9D 97 73 FF 0F 3E BE 7A 08 98 99 86  ......s..>.z....
00000060  37 76 2B 7C E4 FE 9B 4A 22 0F BA 7C 70 E4 1A 2E  7v+|...J"..|p...
00000070  D0 31 3A FE 43 58 0F 34 87 95 B8 B5 D4 11 67 E3  .1:.CX.4......g.
00000080  FA BF 30 25 07 F7 3E B5 AA 3C 49 83 4F 31 69 6A  ..0%..>..<I.O1ij
00000090  20 86 2D 5C E8 DD D2 6C 62 DB 55 33 F2 FC 63 22   .-\...lb.U3..c"
000000A0  E4 20 BE 49 BA 71 C2 6E 01 7E 14 4C B1 11 9A 37  . .I.q.n.~.L...7
000000B0  52 22 56 94 A3 B1 4C F1 59 48 11 34 E8 19 D2 12  R"V...L.YH.4....
000000C0  DA CD 87 B1 7F B0 18 17 38 89 5A 90 9B 7D 6C 35  .......8.Z..}l5
000000D0  A1 2F FE B7 87 47 FC 30 01 D2 61 E8 1E 7A 01 0C  ./...G.0..a..z..
000000E0  19 AF 6F EA 1C C6 E3 60 99 9E C3 38 F9 52 C3 FE  ..o....`...8.R..
000000F0  0A 29 07 B5 43 12 3B 2F EF F1 7B A5 88 B7 3E 75  .)..C.;/..{...>u
00000100  92 A0 4F 5C 34 12 A8 07 78 DA 2A D1 3A 93 40 A0  ..O\4...x.*.:.@.
00000110  3B 12 CD 29 1E E0 2E 86 9C EB CD 88 ED 8C D7 C6  ;..)............
00000120  74 EA A6 1D 05 55 2F 69 69 7D 97 49 6A E3 14 15  t....U/ii}.Ij...
00000130  10 B4 64 71 22 28 A9 DA EE DF 6A 2A 22 27 13 97  ..dq"(....j*"'..
00000140  59 C9 17 25 19 93 C0 42 13 0F D2 E2 7A F8 CC 0F  Y..%...B....z...
00000150  91 AF DB 0F 07 DC F4 59 F2 F0 20 98 D5 B6 5B 87  .......Y.. ...[.
00000160  06 E9 CD 95 88 16 AD C0 9C 59 C9 1F EC 53 AC 18  .........Y...S..
00000170  3A 71 FD B1 92 5E 3B 2D D9 B7 DA 1C 0B A2 BE A4  :q...^;-........
00000180  3B A2 F1 D1 D3 90 9D 20 E8 82 06 00 0F 20 4E 77  ;...... ..... Nw
00000190  D4 F8 D5 9A 2B 10 2A 82 26 27 F8 55 29 DD EB E3  ....+.*.&'.U)...
000001A0  7A 07 59 71 1A 35 02 47 D9 B0 21 FE 7A F0 FE 34  z.Yq.5.G..!.z..4
000001B0  E1 7E 18 17 0B 8C CE 22 C0 7A DD 66 07 79 DC 5F  .~.....".z.f.y._
000001C0  2E 85 30 CB 85 AE 1B BE 70 07 B2 78 F6 99 63 1A  ..0.....p..x..c.
000001D0  35 03 68 F5 BE C5 37 DB E7 C2 BC E1 09 E3 45 D0  5.h...7.......E.
000001E0  C9 E9 27 66 94 89 84 AB CC A8 19 0B 15 03 1D 88  ..'f............

Result:

  Offset  00 01 02 03 04 05 06 07 08 09 0A 0B 0C 0D 0E 0F
00000000  7B 22 6E 61 6D 65 22 3A 22 4B 61 6B 61 6F 20 46  {"name":"Kakao F
00000010  72 69 65 6E 64 73 22 2C 22 74 69 74 6C 65 22 3A  riends","title":
00000020  22 48 65 6C 6C 6F 20 4B 61 6B 61 6F 20 46 72 69  "Hello Kakao Fri
00000030  65 6E 64 73 22 2C 22 74 69 74 6C 65 5F 69 6D 61  ends","title_ima
00000040  67 65 22 3A 22 64 77 5C 2F 34 34 31 32 32 30 36  ge":"dw\/4412206
00000050  2E 74 69 74 6C 65 2E 70 6E 67 22 2C 22 76 65 72  .title.png","ver
00000060  73 69 6F 6E 22 3A 22 34 2E 30 2E 30 2E 31 22 2C  sion":"4.0.0.1",
00000070  22 6B 69 6E 64 22 3A 30 2C 22 69 63 6F 6E 5F 6F  "kind":0,"icon_o
00000080  6E 5F 75 72 6C 22 3A 22 64 77 5C 2F 34 34 31 32  n_url":"dw\/4412
00000090  32 30 36 2E 69 63 6F 6E 5F 6F 6E 2E 70 6E 67 22  206.icon_on.png"
000000A0  2C 22 69 63 6F 6E 5F 6F 66 66 5F 75 72 6C 22 3A  ,"icon_off_url":
000000B0  22 64 77 5C 2F 34 34 31 32 32 30 36 2E 69 63 6F  "dw\/4412206.ico
000000C0  6E 5F 6F 66 66 2E 70 6E 67 22 2C 22 64 6F 77 6E  n_off.png","down
000000D0  6C 6F 61 64 5F 63 6F 6D 70 6C 65 74 65 22 3A 66  load_complete":f
000000E0  61 6C 73 65 2C 22 74 6F 74 61 6C 5F 74 65 78 74  alse,"total_text
000000F0  22 3A 30 2C 22 70 61 63 6B 5F 73 69 7A 65 22 3A  ":0,"pack_size":
00000100  31 32 30 39 35 33 37 38 2C 22 65 78 70 69 72 65  12095378,"expire
00000110  64 5F 61 74 22 3A 32 35 33 33 37 30 37 36 34 38  d_at":2533707648
00000120  30 30 2C 22 69 73 5F 65 78 70 69 72 65 64 22 3A  00,"is_expired":
00000130  66 61 6C 73 65 2C 22 69 73 5F 75 70 64 61 74 65  false,"is_update
00000140  64 22 3A 66 61 6C 73 65 2C 22 69 73 5F 70 75 72  d":false,"is_pur
00000150  63 68 61 73 61 62 6C 65 22 3A 66 61 6C 73 65 2C  chasable":false,
00000160  22 68 61 73 5F 73 6F 75 6E 64 5F 75 72 6C 22 3A  "has_sound_url":
00000170  66 61 6C 73 65 2C 22 69 74 65 6D 5F 73 75 62 5F  false,"item_sub_
00000180  74 79 70 65 22 3A 22 41 4E 49 4D 41 54 45 44 5F  type":"ANIMATED_
00000190  53 54 49 43 4B 45 52 22 2C 22 78 63 6F 6E 5F 76  STICKER","xcon_v
000001A0  65 72 73 69 6F 6E 22 3A 30 2C 22 69 74 65 6D 5F  ersion":0,"item_
000001B0  6E 65 77 5F 62 61 64 67 65 22 3A 66 61 6C 73 65  new_badge":false
000001C0  2C 22 65 6D 62 65 64 64 65 64 22 3A 74 72 75 65  ,"embedded":true
000001D0  2C 22 70 6C 75 73 5F 74 61 62 22 3A 66 61 6C 73  ,"plus_tab":fals
000001E0  65 2C 22 70 6C 75 73 22 3A 66 61 6C 73 65 7D     e,"plus":false} 

[Cipher.doFinal2()]:   cipherObj: javax.crypto.Cipher@f689d55
[Cipher.getInstance()]:  cipherObj: javax.crypto.Cipher@caf5734
[Cipher.getInstance()]: type: AES/CBC/PKCS5Padding
In buffer (cipher: AES/CBC/PKCS5Padding):

  Offset  00 01 02 03 04 05 06 07 08 09 0A 0B 0C 0D 0E 0F
00000000  E8 F4 41 F4 AA 39 B7 08 6A 61 B1 32 E9 B5 66 68  ..A..9..ja.2..fh
00000010  37 47 79 F2 EE BC 07 47 95 14 69 CD 77 3F 3C 3D  7Gy....G..i.w?<=
00000020  E6 AF 2E 0E BF 5D 8E DD 8E 05 9B 83 B8 70 7D 90  .....].......p}.
00000030  98 98 03 DA AA 29 57 E3 98 BB 5F 72 6B 4D 56 36  .....)W..._rkMV6
00000040  00 BC ED 0B AB 06 58 64 29 AF 57 8D 58 51 F7 D8  ......Xd).W.XQ..
00000050  5F 44 65 49 A1 C8 44 F9 57 01 CB 15 57 A9 A7 1F  _DeI..D.W...W...
00000060  AD 1F 1C B0 92 FA A0 94 19 04 10 B1 97 6F 63 3E  .............oc>
00000070  13 32 BB 3D E6 4C 8F E5 34 35 3D 14 7B 5F 8C 75  .2.=.L..45=.{_.u
00000080  26 D5 75 AC CC A2 D9 D5 FD 18 1A 48 9D 20 35 78  &.u........H. 5x
00000090  5C A1 2B 13 88 6E 57 52 1F A2 34 DC 58 4A 5C A6  \.+..nWR..4.XJ\.
000000A0  90 B7 95 50 D9 CE B1 D5 C8 D9 4F BD 69 A7 87 85  ...P......O.i...
000000B0  B2 C8 8B 9A 39 24 43 73 20 6D 89 78 38 6A C5 A9  ....9$Cs m.x8j..
000000C0  C6 97 C3 23 D4 D3 E3 C1 1A 27 0D 07 F3 C8 59 69  ...#.....'....Yi
000000D0  F9 2D 44 99 59 8A 96 69 7E 36 EA F5 D2 E2 76 05  .-D.Y..i~6....v.
000000E0  DD 64 A3 6B FB 5C DE E3 D7 E6 D1 62 F8 03 E7 0E  .d.k.\.....b....
000000F0  49 EA 04 3F 33 11 2F E6 DA 97 DB 1D DD 95 03 32  I..?3./........2
00000100  F1 20 2D E7 36 D0 4A 9C 63 BA 69 AB 84 78 ED D9  . -.6.J.c.i..x..
00000110  CE E3 55 85 D0 F1 C1 C9 68 BA 38 CA D4 48 CE 17  ..U.....h.8..H..
00000120  55 57 24 49 4C 8B 35 A4 50 F4 DF 7B 8D 50 1D 6C  UW$IL.5.P..{.P.l
00000130  DD FB 42 F1 7C 2D 56 48 5D A2 84 C0 C5 E3 4F 71  ..B.|-VH].....Oq
00000140  B5 36 84 58 68 00 CF 8B AB 99 C3 0E F5 4D 0F 50  .6.Xh........M.P
00000150  EE 96 21 3D 72 7A 1A F9 C1 D5 DE AA 01 A1 E9 65  ..!=rz.........e
00000160  F4 2B 2F 87 F4 87 B7 C0 E3 33 E2 2A 68 B5 21 1A  .+/......3.*h.!.
00000170  DC C3 FD 5A 87 CA 19 3F BA BA B8 41 0F 4D FC 75  ...Z...?...A.M.u
00000180  7F CB A8 70 E6 27 AC 96 85 9F F9 4D 67 A5 5B CD  ..p.'.....Mg.[.
00000190  0B 03 FE 36 A2 0A C5 16 56 46 DA AF D9 92 BA D1  ...6....VF......
000001A0  B6 42 40 A9 9A 11 AE D3 61 14 64 72 0E 5F 83 99  .B@.....a.dr._..
000001B0  8C C2 E5 BD 57 AC 58 8E 50 EF 1D 9E 52 42 9B 6D  ....W.X.P...RB.m
000001C0  63 25 6E 5E 40 34 81 90 D8 BC 38 B1 E7 07 B4 E6  c%n^@4....8.....
000001D0  0F C3 E8 5B 94 FB C5 56 A3 95 96 09 18 9F B5 16  ...[...V........

Result:

  Offset  00 01 02 03 04 05 06 07 08 09 0A 0B 0C 0D 0E 0F
00000000  7B 22 6E 61 6D 65 22 3A 22 4E 49 4E 49 5A 22 2C  {"name":"NINIZ",
00000010  22 74 69 74 6C 65 22 3A 22 48 45 4C 4C 4F 20 4E  "title":"HELLO N
00000020  49 4E 49 5A 22 2C 22 74 69 74 6C 65 5F 69 6D 61  INIZ","title_ima
00000030  67 65 22 3A 22 64 77 5C 2F 34 34 31 32 32 30 37  ge":"dw\/4412207
00000040  2E 74 69 74 6C 65 2E 70 6E 67 22 2C 22 76 65 72  .title.png","ver
00000050  73 69 6F 6E 22 3A 22 34 2E 30 2E 30 2E 31 22 2C  sion":"4.0.0.1",
00000060  22 6B 69 6E 64 22 3A 30 2C 22 69 63 6F 6E 5F 6F  "kind":0,"icon_o
00000070  6E 5F 75 72 6C 22 3A 22 64 77 5C 2F 34 34 31 32  n_url":"dw\/4412
00000080  32 30 37 2E 69 63 6F 6E 5F 6F 6E 2E 70 6E 67 22  207.icon_on.png"
00000090  2C 22 69 63 6F 6E 5F 6F 66 66 5F 75 72 6C 22 3A  ,"icon_off_url":
000000A0  22 64 77 5C 2F 34 34 31 32 32 30 37 2E 69 63 6F  "dw\/4412207.ico
000000B0  6E 5F 6F 66 66 2E 70 6E 67 22 2C 22 64 6F 77 6E  n_off.png","down
000000C0  6C 6F 61 64 5F 63 6F 6D 70 6C 65 74 65 22 3A 66  load_complete":f
000000D0  61 6C 73 65 2C 22 74 6F 74 61 6C 5F 74 65 78 74  alse,"total_text
000000E0  22 3A 30 2C 22 70 61 63 6B 5F 73 69 7A 65 22 3A  ":0,"pack_size":
000000F0  31 33 34 39 34 33 34 39 2C 22 65 78 70 69 72 65  13494349,"expire
00000100  64 5F 61 74 22 3A 32 35 33 33 37 30 37 36 34 38  d_at":2533707648
00000110  30 30 2C 22 69 73 5F 65 78 70 69 72 65 64 22 3A  00,"is_expired":
00000120  66 61 6C 73 65 2C 22 69 73 5F 75 70 64 61 74 65  false,"is_update
00000130  64 22 3A 66 61 6C 73 65 2C 22 69 73 5F 70 75 72  d":false,"is_pur
00000140  63 68 61 73 61 62 6C 65 22 3A 66 61 6C 73 65 2C  chasable":false,
00000150  22 68 61 73 5F 73 6F 75 6E 64 5F 75 72 6C 22 3A  "has_sound_url":
00000160  66 61 6C 73 65 2C 22 69 74 65 6D 5F 73 75 62 5F  false,"item_sub_
00000170  74 79 70 65 22 3A 22 41 4E 49 4D 41 54 45 44 5F  type":"ANIMATED_
00000180  53 54 49 43 4B 45 52 22 2C 22 78 63 6F 6E 5F 76  STICKER","xcon_v
00000190  65 72 73 69 6F 6E 22 3A 30 2C 22 69 74 65 6D 5F  ersion":0,"item_
000001A0  6E 65 77 5F 62 61 64 67 65 22 3A 66 61 6C 73 65  new_badge":false
000001B0  2C 22 65 6D 62 65 64 64 65 64 22 3A 74 72 75 65  ,"embedded":true
000001C0  2C 22 70 6C 75 73 5F 74 61 62 22 3A 66 61 6C 73  ,"plus_tab":fals
000001D0  65 2C 22 70 6C 75 73 22 3A 66 61 6C 73 65 7D     e,"plus":false} 

[Cipher.getInstance()]:  cipherObj: javax.crypto.Cipher@7acfe59
[Cipher.init()]: mode: Encrypt mode, secretKey: javax.crypto.spec.SecretKeySpec spec:[object Object] , cipherObj: javax.crypto.Cipher@caf5734
[Cipher.init()]: mode: Decrypt mode, secretKey: javax.crypto.spec.SecretKeySpec spec:[object Object] , cipherObj: javax.crypto.Cipher@7acfe59
[Cipher.doFinal2()]:   cipherObj: javax.crypto.Cipher@f689d55
In buffer (cipher: AES/CBC/PKCS5Padding):

  Offset  00 01 02 03 04 05 06 07 08 09 0A 0B 0C 0D 0E 0F
00000000  77 FE D9 98 3B FC C1 B9 AB C8 5D 2A 5F 7C B0 6D  w...;.....]*_|.m
00000010  AD 84 14 6E 66 1A DB 3F EB A8 44 41 60 A9 99 C3  ...nf..?..DA`...

Result:

  Offset  00 01 02 03 04 05 06 07 08 09 0A 0B 0C 0D 0E 0F
00000000  7B 22 6D 65 6D 6F 72 69 61 6C 22 3A 66 61 6C 73  {"memorial":fals
00000010  65 7D                                            e}              

[Cipher.doFinal2()]:   cipherObj: javax.crypto.Cipher@f689d55
In buffer (cipher: AES/CBC/PKCS5Padding):

  Offset  00 01 02 03 04 05 06 07 08 09 0A 0B 0C 0D 0E 0F
00000000  25 9B 0A 04 65 CF 03 F4 5A 44 57 76 1A 0F E8 81  %...e...ZDWv....
00000010  E3 76 6C CE 9F 9A 62 DD 4B 6D 74 44 7C 3B 3B 46  .vl...b.KmtD|;;F
00000020  AD 1D 87 28 88 98 DC EB 1C 20 8C E4 74 73 DA 2B  ...(..... ..ts.+
00000030  C8 4E 76 CB 53 FC FC 5E 90 D3 A5 C8 94 A7 2D 9F  .Nv.S..^......-.
00000040  45 C7 BE 11 07 82 1B C8 1E F7 0C 56 FA 10 CB 48  E..........V...H
00000050  EF C3 67 4E C8 D0 44 3D 4C C0 F9 08 69 6A 5C 91  ..gN..D=L...ij\.
00000060  53 24 C2 41 27 62 43 80 9B 1D FE 02 E2 86 6B 6A  S$.A'bC.......kj
00000070  0A 0E 87 4F BE FC 88 30 AC 0A FF EC 8E 1D 4F E6  ...O...0......O.
00000080  81 DA E5 30 76 A5 3F 69 66 1F 1E D1 28 8D 07 F5  ...0v.?if...(...
00000090  56 15 3D 04 4B A2 73 23 98 A4 5D F5 5C 3F 4E 66  V.=.K.s#..].\?Nf
000000A0  51 F2 70 6B 55 E4 04 C4 DC 16 C9 37 A8 71 61 C4  Q.pkU......7.qa.
000000B0  72 0B 98 4B 94 7A FC 00 B0 86 17 90 1F F6 90 76  r..K.z.........v
000000C0  90 86 FB C8 66 35 9D 6D 30 A6 72 2D 17 76 97 DB  ....f5.m0.r-.v..
000000D0  F9 56 48 BF 5B 02 23 3D C8 8C C0 AC F4 D8 65 95  .VH.[.#=......e.
000000E0  38 F4 93 E3 B7 4A BF 87 CB 02 62 D0 FB 27 AA CF  8....J....b..'..
000000F0  29 3F 9F 26 F7 4F 14 83 52 BF BC 11 5D 46 30 13  )?.&.O..R...]F0.
00000100  10 18 A5 AF 39 FC 8B 67 DB 29 B0 6F 2A FB AB 17  ....9..g.).o*...
00000110  81 AA A9 CF 28 D3 F0 DD 54 7B 68 31 DB 15 AA E7  ....(...T{h1....
00000120  C8 8F 17 8C 29 41 F8 73 A7 4B 16 B7 62 C5 A9 83  ....)A.s.K..b...
00000130  D7 C2 B9 36 81 70 D6 ED 2F 9A 31 F5 8A 12 44 4E  ...6.p../.1...DN
00000140  22 8E FB 8E 90 DB EB 64 CE 78 D2 74 EE 2C 30 EC  "......d.x.t.,0.
00000150  50 94 05 30 1D 1E AB A7 70 D6 76 ED 4B AE A5 D4  P..0....p.v.K...
00000160  94 55 54 0C E5 3E 82 23 A9 DE 97 F1 2B A8 79 A4  .UT..>.#....+.y.
00000170  F8 6E 3E 66 49 FB 66 49 89 D1 C8 E0 17 C1 65 A2  .n>fI.fI......e.
00000180  CA 01 FC 05 CA 1F 6E E4 FB 25 DE 47 51 FE B2 B6  ......n..%.GQ...
00000190  C1 18 94 75 5F 60 E4 A6 06 8A 1A C7 CE 65 D4 7F  ...u_`.......e.
000001A0  E1 87 CB 92 E8 33 9E DB D4 D5 DB A2 52 45 1E F9  .....3......RE..
000001B0  7D 87 CF A6 F4 0D 74 DF 51 78 64 ED 17 AD 71 6F  }.....t.Qxd...qo
000001C0  42 0A AD 73 4C 6E E0 38 DF B8 8A CC D6 4D DF 1E  B..sLn.8.....M..
000001D0  C0 01 4E 23 50 9C 59 6D D0 EE A3 0D 1B 85 90 2D  ..N#P.Ym.......-
000001E0  EB F3 81 09 B8 B2 C7 B3 79 F1 FC EB 66 AD 84 E0  ........y...f...

[Cipher.getInstance()]: type: AES/CBC/PKCS5PADDING
[Cipher.getInstance()]:  cipherObj: javax.crypto.Cipher@6f235b8
Result:

  Offset  00 01 02 03 04 05 06 07 08 09 0A 0B 0C 0D 0E 0F
00000000  7B 22 6E 61 6D 65 22 3A 22 4B 61 6B 61 6F 20 46  {"name":"Kakao F
00000010  72 69 65 6E 64 73 22 2C 22 74 69 74 6C 65 22 3A  riends","title":
00000020  22 4B 61 6B 61 6F 20 46 72 69 65 6E 64 73 20 43  "Kakao Friends C
00000030  6C 61 73 73 69 63 22 2C 22 74 69 74 6C 65 5F 69  lassic","title_i
00000040  6D 61 67 65 22 3A 22 64 77 5C 2F 32 32 31 32 35  mage":"dw\/22125
00000050  36 30 2E 74 69 74 6C 65 2E 70 6E 67 22 2C 22 76  60.title.png","v
00000060  65 72 73 69 6F 6E 22 3A 22 34 2E 30 2E 30 2E 31  ersion":"4.0.0.1
00000070  22 2C 22 6B 69 6E 64 22 3A 30 2C 22 69 63 6F 6E  ","kind":0,"icon
00000080  5F 6F 6E 5F 75 72 6C 22 3A 22 64 77 5C 2F 32 32  _on_url":"dw\/22
00000090  31 32 35 36 30 2E 69 63 6F 6E 5F 6F 6E 2E 70 6E  12560.icon_on.pn
000000A0  67 22 2C 22 69 63 6F 6E 5F 6F 66 66 5F 75 72 6C  g","icon_off_url
000000B0  22 3A 22 64 77 5C 2F 32 32 31 32 35 36 30 2E 69  ":"dw\/2212560.i
000000C0  63 6F 6E 5F 6F 66 66 2E 70 6E 67 22 2C 22 64 6F  con_off.png","do
000000D0  77 6E 6C 6F 61 64 5F 63 6F 6D 70 6C 65 74 65 22  wnload_complete"
000000E0  3A 66 61 6C 73 65 2C 22 74 6F 74 61 6C 5F 74 65  :false,"total_te
000000F0  78 74 22 3A 30 2C 22 70 61 63 6B 5F 73 69 7A 65  xt":0,"pack_size
00000100  22 3A 36 34 36 32 32 34 32 2C 22 65 78 70 69 72  ":6462242,"expir
00000110  65 64 5F 61 74 22 3A 32 35 33 33 37 30 37 36 34  ed_at":253370764
00000120  38 30 30 2C 22 69 73 5F 65 78 70 69 72 65 64 22  800,"is_expired"
00000130  3A 66 61 6C 73 65 2C 22 69 73 5F 75 70 64 61 74  :false,"is_updat
00000140  65 64 22 3A 66 61 6C 73 65 2C 22 69 73 5F 70 75  ed":false,"is_pu
00000150  72 63 68 61 73 61 62 6C 65 22 3A 66 61 6C 73 65  rchasable":false
00000160  2C 22 68 61 73 5F 73 6F 75 6E 64 5F 75 72 6C 22  ,"has_sound_url"
00000170  3A 66 61 6C 73 65 2C 22 69 74 65 6D 5F 73 75 62  :false,"item_sub
00000180  5F 74 79 70 65 22 3A 22 53 54 49 43 4B 45 52 22  _type":"STICKER"
00000190  2C 22 78 63 6F 6E 5F 76 65 72 73 69 6F 6E 22 3A  ,"xcon_version":
000001A0  30 2C 22 69 74 65 6D 5F 6E 65 77 5F 62 61 64 67  0,"item_new_badg
000001B0  65 22 3A 66 61 6C 73 65 2C 22 65 6D 62 65 64 64  e":false,"embedd
000001C0  65 64 22 3A 74 72 75 65 2C 22 70 6C 75 73 5F 74  ed":true,"plus_t
000001D0  61 62 22 3A 66 61 6C 73 65 2C 22 70 6C 75 73 22  ab":false,"plus"
000001E0  3A 66 61 6C 73 65 7D                             :false}         

[Cipher.doFinal2()]:   cipherObj: javax.crypto.Cipher@f689d55
In buffer (cipher: AES/CBC/PKCS5Padding):

  Offset  00 01 02 03 04 05 06 07 08 09 0A 0B 0C 0D 0E 0F
00000000  5B 17 6B 78 C6 32 E9 2E FF 25 79 63 8F 33 E1 A2  [.kx.2...%yc.3..
00000010  DC 3A A3 E1 92 0B 0D 20 84 3C 52 7E 86 41 8E 85  .:..... .<R~.A..
00000020  8A 37 B6 42 4C 73 B4 85 3D B5 C8 D0 02 A6 C9 3F  .7.BLs..=......?
00000030  04 95 FF F5 66 C2 4F 7A 1E A6 02 A7 90 72 E9 D2  ....f.Oz.....r..
00000040  29 69 C3 34 6C A9 15 24 3C C7 00 E6 BB 42 BF FF  )i.4l..$<....B..
00000050  1F 93 03 60 CA D9 53 A9 EE 49 E1 CE BC 2E D9 9F  ...`..S..I......

Result:

  Offset  00 01 02 03 04 05 06 07 08 09 0A 0B 0C 0D 0E 0F
00000000  68 74 74 70 73 3A 2F 2F 70 2E 6B 61 6B 61 6F 63  https://p.kakaoc
00000010  64 6E 2E 6E 65 74 2F 74 68 2F 74 61 6C 6B 70 2F  dn.net/th/talkp/
00000020  77 6D 61 47 65 52 51 4F 32 6B 2F 76 79 35 4B 34  wmaGeRQO2k/vy5K4
00000030  78 66 66 7A 42 6A 55 6A 58 6F 71 50 50 6B 67 6F  xffzBjUjXoqPPkgo
00000040  6B 2F 64 64 30 34 35 32 5F 31 31 30 78 31 31 30  k/dd0452_110x110
00000050  5F 63 2E 6A 70 67                                _c.jpg          

[Cipher.doFinal2()]:   cipherObj: javax.crypto.Cipher@f689d55
In buffer (cipher: AES/CBC/PKCS5Padding):

  Offset  00 01 02 03 04 05 06 07 08 09 0A 0B 0C 0D 0E 0F
00000000  5B 17 6B 78 C6 32 E9 2E FF 25 79 63 8F 33 E1 A2  [.kx.2...%yc.3..
00000010  DC 3A A3 E1 92 0B 0D 20 84 3C 52 7E 86 41 8E 85  .:..... .<R~.A..
00000020  8A 37 B6 42 4C 73 B4 85 3D B5 C8 D0 02 A6 C9 3F  .7.BLs..=......?
00000030  04 95 FF F5 66 C2 4F 7A 1E A6 02 A7 90 72 E9 D2  ....f.Oz.....r..
00000040  B0 19 76 B1 40 7C 61 8B 1F 86 EF 4F FD 72 B9 7D  ..v.@|a....O.r.}
00000050  E3 A7 3D F0 B1 FB EC F1 70 0E A7 9D E7 10 49 EC  ..=.....p.....I.

Result:

  Offset  00 01 02 03 04 05 06 07 08 09 0A 0B 0C 0D 0E 0F
00000000  68 74 74 70 73 3A 2F 2F 70 2E 6B 61 6B 61 6F 63  https://p.kakaoc
00000010  64 6E 2E 6E 65 74 2F 74 68 2F 74 61 6C 6B 70 2F  dn.net/th/talkp/
00000020  77 6D 61 47 65 52 51 4F 32 6B 2F 76 79 35 4B 34  wmaGeRQO2k/vy5K4
00000030  78 66 66 7A 42 6A 55 6A 58 6F 71 50 50 6B 67 6F  xffzBjUjXoqPPkgo
00000040  6B 2F 64 64 30 34 35 32 5F 36 34 30 78 36 34 30  k/dd0452_640x640
00000050  5F 73 2E 6A 70 67                                _s.jpg          

[Cipher.doFinal2()]:   cipherObj: javax.crypto.Cipher@f689d55
In buffer (cipher: AES/CBC/PKCS5Padding):

  Offset  00 01 02 03 04 05 06 07 08 09 0A 0B 0C 0D 0E 0F
00000000  26 C8 CC 5F 0A 4A 30 B0 30 97 20 4C A7 1B 08 D7  &.._.J0.0. L....
00000010  FF 10 B0 17 48 31 72 64 A7 CE 93 23 5F E7 3E 18  ....H1rd...#_.>.
00000020  D0 8C 5F 03 61 61 1C 51 80 D0 D8 D3 7D 8A A3 34  .._.aa.Q....}..4
00000030  9F F4 A3 13 24 EB A5 2B F0 94 5F 45 7B 94 DF 81  ....$..+.._E{...
00000040  57 1D DE 86 40 F9 D8 2D C3 A9 F7 4A B0 BB 43 01  W...@..-...J..C.
00000050  E6 D7 D7 DA 55 B6 2E 2A 8C C7 7F BF B2 7E A4 32  ....U..*....~.2
00000060  3A 25 99 65 59 B8 9D 74 9D D6 35 37 9B 25 1A FC  :%.eY..t..57.%..
00000070  85 B1 35 79 08 34 2A 80 38 C8 39 B2 BE AB A9 3B  ..5y.4*.8.9....;
00000080  34 49 9D 70 FD 98 B3 55 86 7C D6 A5 57 57 2E E9  4I.p...U.|..WW..
00000090  16 9C 5E AE 83 AE 8F 50 2B CE E4 EE 45 60 B8 18  ..^....P+...E`..
000000A0  8E 82 54 ED D8 EA 18 42 DA FD 04 50 71 E0 25 EA  ..T....B...Pq.%.
000000B0  95 9E 71 00 05 56 90 FB 54 36 E5 EE EA F4 BA 38  ..q..V..T6.....8
000000C0  13 DB 26 47 0F F3 8A 76 2D FF BF 05 7C B6 37 D1  ..&G...v-...|.7.
000000D0  21 40 E5 D3 64 50 90 9C 6F A5 9F 57 C3 02 A4 09  !@..dP..o..W....
000000E0  E6 6C CA DA AE C6 B8 A9 33 50 0E BD 45 8D DF 28  .l......3P..E..(
000000F0  0B 95 83 A8 D9 6A 67 7D EB BB 55 E5 6B 60 96 D0  .....jg}..U.k`..
00000100  2D 4A 56 E8 D5 6B EE 81 75 FA F5 16 C4 B2 11 EF  -JV..k..u.......
00000110  45 F1 59 BD DB D0 90 E1 BD 38 C8 58 C4 E3 E3 91  E.Y......8.X....
00000120  70 08 0A F4 43 A4 69 DE 80 B1 A6 9B 7D 06 4F EF  p...C.i.....}.O.
00000130  DA E3 AB A2 14 0D 02 F1 0C 7A F0 63 82 9A 58 6F  .........z.c..Xo
00000140  4F 8B 53 4C 93 B2 97 2D 3C E9 6E 68 8F 46 27 D4  O.SL...-<.nh.F'.

[Cipher.getInstance()]: type: AES/CBC/PKCS5Padding
[Cipher.getInstance()]:  cipherObj: javax.crypto.Cipher@d349d39
Result:

  Offset  00 01 02 03 04 05 06 07 08 09 0A 0B 0C 0D 0E 0F
00000000  7B 22 6E 61 6D 65 22 3A 22 44 45 46 41 55 4C 54  {"name":"DEFAULT
00000010  22 2C 22 74 69 74 6C 65 22 3A 22 44 45 46 41 55  ","title":"DEFAU
00000020  4C 54 22 2C 22 76 65 72 73 69 6F 6E 22 3A 22 31  LT","version":"1
00000030  22 2C 22 6B 69 6E 64 22 3A 30 2C 22 64 6F 77 6E  ","kind":0,"down
00000040  6C 6F 61 64 5F 63 6F 6D 70 6C 65 74 65 22 3A 74  load_complete":t
00000050  72 75 65 2C 22 74 6F 74 61 6C 5F 74 65 78 74 22  rue,"total_text"
00000060  3A 30 2C 22 70 61 63 6B 5F 73 69 7A 65 22 3A 30  :0,"pack_size":0
00000070  2C 22 65 78 70 69 72 65 64 5F 61 74 22 3A 30 2C  ,"expired_at":0,
00000080  22 69 73 5F 65 78 70 69 72 65 64 22 3A 66 61 6C  "is_expired":fal
00000090  73 65 2C 22 69 73 5F 75 70 64 61 74 65 64 22 3A  se,"is_updated":
000000A0  66 61 6C 73 65 2C 22 69 73 5F 70 75 72 63 68 61  false,"is_purcha
000000B0  73 61 62 6C 65 22 3A 66 61 6C 73 65 2C 22 68 61  sable":false,"ha
000000C0  73 5F 73 6F 75 6E 64 5F 75 72 6C 22 3A 66 61 6C  s_sound_url":fal
000000D0  73 65 2C 22 69 74 65 6D 5F 73 75 62 5F 74 79 70  se,"item_sub_typ
000000E0  65 22 3A 22 4E 4F 4E 45 22 2C 22 78 63 6F 6E 5F  e":"NONE","xcon_
000000F0  76 65 72 73 69 6F 6E 22 3A 30 2C 22 69 74 65 6D  version":0,"item
00000100  5F 6E 65 77 5F 62 61 64 67 65 22 3A 66 61 6C 73  _new_badge":fals
00000110  65 2C 22 65 6D 62 65 64 64 65 64 22 3A 66 61 6C  e,"embedded":fal
00000120  73 65 2C 22 70 6C 75 73 5F 74 61 62 22 3A 66 61  se,"plus_tab":fa
00000130  6C 73 65 2C 22 70 6C 75 73 22 3A 66 61 6C 73 65  lse,"plus":false
00000140  7D                                               }               

[Cipher.doFinal2()]:   cipherObj: javax.crypto.Cipher@f689d55
In buffer (cipher: AES/CBC/PKCS5Padding):

  Offset  00 01 02 03 04 05 06 07 08 09 0A 0B 0C 0D 0E 0F
00000000  5B 17 6B 78 C6 32 E9 2E FF 25 79 63 8F 33 E1 A2  [.kx.2...%yc.3..
00000010  B5 3B DB AC 2E AA FC 6D B0 26 57 60 2E FA 98 D8  .;.....m.&W`....
00000020  30 CE CA 3D A9 AD 17 E7 D8 5F 25 86 89 91 05 FE  0..=....._%.....
00000030  28 DA B7 FC 79 C0 0B 70 49 38 52 CA 3B CA 8A E9  (...y..pI8R.;...
00000040  A2 7E 6D AA 1B FD 36 D6 F8 53 B0 7E 73 42 73 24  .~m...6..S.~sBs$

Result:

  Offset  00 01 02 03 04 05 06 07 08 09 0A 0B 0C 0D 0E 0F
00000000  68 74 74 70 73 3A 2F 2F 70 2E 6B 61 6B 61 6F 63  https://p.kakaoc
00000010  64 6E 2E 6E 65 74 2F 74 61 6C 6B 70 2F 77 6D 61  dn.net/talkp/wma
00000020  47 65 52 51 4F 32 6B 2F 76 79 35 4B 34 78 66 66  GeRQO2k/vy5K4xff
00000030  7A 42 6A 55 6A 58 6F 71 50 50 6B 67 6F 6B 2F 64  zBjUjXoqPPkgok/d
00000040  64 30 34 35 32 2E 6A 70 67                       d0452.jpg       

[Cipher.doFinal2()]:   cipherObj: javax.crypto.Cipher@f689d55
In buffer (cipher: AES/CBC/PKCS5Padding):

  Offset  00 01 02 03 04 05 06 07 08 09 0A 0B 0C 0D 0E 0F
00000000  46 AF 9B A5 1C FC D2 B4 ED F9 74 77 65 FB AF 17  F.........twe...

Result:

  Offset  00 01 02 03 04 05 06 07 08 09 0A 0B 0C 0D 0E 0F
00000000  45 6A 61 79                                      Ejay            

[Cipher.doFinal2()]:   cipherObj: javax.crypto.Cipher@f689d55
In buffer (cipher: AES/CBC/PKCS5Padding):

  Offset  00 01 02 03 04 05 06 07 08 09 0A 0B 0C 0D 0E 0F
00000000  77 FE D9 98 3B FC C1 B9 AB C8 5D 2A 5F 7C B0 6D  w...;.....]*_|.m
00000010  AD 84 14 6E 66 1A DB 3F EB A8 44 41 60 A9 99 C3  ...nf..?..DA`...

Result:

  Offset  00 01 02 03 04 05 06 07 08 09 0A 0B 0C 0D 0E 0F
00000000  7B 22 6D 65 6D 6F 72 69 61 6C 22 3A 66 61 6C 73  {"memorial":fals
00000010  65 7D                                            e}              

[Cipher.doFinal2()]:   cipherObj: javax.crypto.Cipher@f689d55
In buffer (cipher: AES/CBC/PKCS5Padding):

  Offset  00 01 02 03 04 05 06 07 08 09 0A 0B 0C 0D 0E 0F
00000000  5B 17 6B 78 C6 32 E9 2E FF 25 79 63 8F 33 E1 A2  [.kx.2...%yc.3..
00000010  DC 3A A3 E1 92 0B 0D 20 84 3C 52 7E 86 41 8E 85  .:..... .<R~.A..
00000020  8A 37 B6 42 4C 73 B4 85 3D B5 C8 D0 02 A6 C9 3F  .7.BLs..=......?
00000030  04 95 FF F5 66 C2 4F 7A 1E A6 02 A7 90 72 E9 D2  ....f.Oz.....r..
00000040  29 69 C3 34 6C A9 15 24 3C C7 00 E6 BB 42 BF FF  )i.4l..$<....B..
00000050  1F 93 03 60 CA D9 53 A9 EE 49 E1 CE BC 2E D9 9F  ...`..S..I......

Result:

  Offset  00 01 02 03 04 05 06 07 08 09 0A 0B 0C 0D 0E 0F
00000000  68 74 74 70 73 3A 2F 2F 70 2E 6B 61 6B 61 6F 63  https://p.kakaoc
00000010  64 6E 2E 6E 65 74 2F 74 68 2F 74 61 6C 6B 70 2F  dn.net/th/talkp/
00000020  77 6D 61 47 65 52 51 4F 32 6B 2F 76 79 35 4B 34  wmaGeRQO2k/vy5K4
00000030  78 66 66 7A 42 6A 55 6A 58 6F 71 50 50 6B 67 6F  xffzBjUjXoqPPkgo
00000040  6B 2F 64 64 30 34 35 32 5F 31 31 30 78 31 31 30  k/dd0452_110x110
00000050  5F 63 2E 6A 70 67                                _c.jpg          

[Cipher.doFinal2()]:   cipherObj: javax.crypto.Cipher@f689d55
In buffer (cipher: AES/CBC/PKCS5Padding):

  Offset  00 01 02 03 04 05 06 07 08 09 0A 0B 0C 0D 0E 0F
00000000  5B 17 6B 78 C6 32 E9 2E FF 25 79 63 8F 33 E1 A2  [.kx.2...%yc.3..
00000010  DC 3A A3 E1 92 0B 0D 20 84 3C 52 7E 86 41 8E 85  .:..... .<R~.A..
00000020  8A 37 B6 42 4C 73 B4 85 3D B5 C8 D0 02 A6 C9 3F  .7.BLs..=......?
00000030  04 95 FF F5 66 C2 4F 7A 1E A6 02 A7 90 72 E9 D2  ....f.Oz.....r..
00000040  B0 19 76 B1 40 7C 61 8B 1F 86 EF 4F FD 72 B9 7D  ..v.@|a....O.r.}
00000050  E3 A7 3D F0 B1 FB EC F1 70 0E A7 9D E7 10 49 EC  ..=.....p.....I.

Result:

  Offset  00 01 02 03 04 05 06 07 08 09 0A 0B 0C 0D 0E 0F
00000000  68 74 74 70 73 3A 2F 2F 70 2E 6B 61 6B 61 6F 63  https://p.kakaoc
00000010  64 6E 2E 6E 65 74 2F 74 68 2F 74 61 6C 6B 70 2F  dn.net/th/talkp/
00000020  77 6D 61 47 65 52 51 4F 32 6B 2F 76 79 35 4B 34  wmaGeRQO2k/vy5K4
00000030  78 66 66 7A 42 6A 55 6A 58 6F 71 50 50 6B 67 6F  xffzBjUjXoqPPkgo
00000040  6B 2F 64 64 30 34 35 32 5F 36 34 30 78 36 34 30  k/dd0452_640x640
00000050  5F 73 2E 6A 70 67                                _s.jpg          

[Cipher.doFinal2()]:   cipherObj: javax.crypto.Cipher@f689d55
In buffer (cipher: AES/CBC/PKCS5Padding):

  Offset  00 01 02 03 04 05 06 07 08 09 0A 0B 0C 0D 0E 0F
00000000  5B 17 6B 78 C6 32 E9 2E FF 25 79 63 8F 33 E1 A2  [.kx.2...%yc.3..
00000010  B5 3B DB AC 2E AA FC 6D B0 26 57 60 2E FA 98 D8  .;.....m.&W`....
00000020  30 CE CA 3D A9 AD 17 E7 D8 5F 25 86 89 91 05 FE  0..=....._%.....
00000030  28 DA B7 FC 79 C0 0B 70 49 38 52 CA 3B CA 8A E9  (...y..pI8R.;...
00000040  A2 7E 6D AA 1B FD 36 D6 F8 53 B0 7E 73 42 73 24  .~m...6..S.~sBs$

Result:

  Offset  00 01 02 03 04 05 06 07 08 09 0A 0B 0C 0D 0E 0F
00000000  68 74 74 70 73 3A 2F 2F 70 2E 6B 61 6B 61 6F 63  https://p.kakaoc
00000010  64 6E 2E 6E 65 74 2F 74 61 6C 6B 70 2F 77 6D 61  dn.net/talkp/wma
00000020  47 65 52 51 4F 32 6B 2F 76 79 35 4B 34 78 66 66  GeRQO2k/vy5K4xff
00000030  7A 42 6A 55 6A 58 6F 71 50 50 6B 67 6F 6B 2F 64  zBjUjXoqPPkgok/d
00000040  64 30 34 35 32 2E 6A 70 67                       d0452.jpg       

[Cipher.getInstance()]: type: AES/CBC/PKCS5Padding
[Cipher.doFinal2()]:   cipherObj: javax.crypto.Cipher@f689d55
In buffer (cipher: AES/CBC/PKCS5Padding):

  Offset  00 01 02 03 04 05 06 07 08 09 0A 0B 0C 0D 0E 0F
00000000  46 AF 9B A5 1C FC D2 B4 ED F9 74 77 65 FB AF 17  F.........twe...

Result:

  Offset  00 01 02 03 04 05 06 07 08 09 0A 0B 0C 0D 0E 0F
00000000  45 6A 61 79                                      Ejay            

[Cipher.doFinal2()]:   cipherObj: javax.crypto.Cipher@f689d55
[Cipher.getInstance()]:  cipherObj: javax.crypto.Cipher@3c3eb7
In buffer (cipher: AES/CBC/PKCS5Padding):

  Offset  00 01 02 03 04 05 06 07 08 09 0A 0B 0C 0D 0E 0F
00000000  91 53 91 09 AD 32 C7 80 6C 6B 15 67 03 00 31 0A  .S...2..lk.g..1.
00000010  56 6A 91 3D 71 F3 87 10 4D 83 B7 1E F3 57 B2 E2  Vj.=q...M....W..
00000020  AE E2 8F EF 0A 85 6B 9B 87 5B 70 EA 72 85 CC 19  ......k..[p.r...
00000030  B0 AE 81 C6 4B 36 F1 F9 24 31 2E 68 A0 CD E9 12  ....K6..$1.h....
00000040  01 F1 70 81 64 5E A1 82 65 32 D5 8C 4A 05 D3 D2  ..p.d^..e2..J...
00000050  04 4F 35 B7 B7 69 C9 28 BB 59 40 A7 DB D8 87 22  .O5..i.(.Y@...."
00000060  68 D4 F8 F7 6B 71 AE EB 3A EB D3 5B 59 65 14 92  h...kq..:..[Ye..
00000070  2A B7 03 7F 22 CE 75 9D 47 53 15 D1 41 9C 99 2D  *..".u.GS..A..-
00000080  0F F7 6C 0E 40 9C 04 C2 91 A4 CB E9 94 F5 A3 28  ..l.@..........(
00000090  BB F4 95 D8 98 6A 51 5D C4 CC 6F 96 E2 B2 12 29  .....jQ]..o....)
000000A0  4A 66 83 FC 73 10 E4 62 35 C0 17 DA 0B 36 0F 8D  Jf..s..b5....6..
000000B0  9A D2 73 68 FD 6A 1A 6B 58 BF 13 E6 E3 30 9C 1C  ..sh.j.kX....0..
000000C0  E9 31 39 CC 4D A9 DA 3E 4F 83 1F 63 7A 5E DD 3B  .19.M..>O..cz^.;
000000D0  4F A7 15 F5 9D F3 AA BE 31 20 67 C4 2B 30 F2 81  O.......1 g.+0..
000000E0  AC 46 04 34 65 C4 93 5C F0 13 8B F6 1E 32 4C C5  .F.4e..\.....2L.
000000F0  DD 45 B2 49 FC B4 08 6A 92 16 5A 4F 6B AA 15 C0  .E.I...j..ZOk...
00000100  62 93 84 AD 50 B6 4D F5 C5 59 D2 53 89 44 E5 35  b...P.M..Y.S.D.5
00000110  A1 3B 99 FB 27 3F AE 8F 0D CA C4 04 7D 64 12 0C  .;..'?......}d..
00000120  C8 D3 D1 65 35 27 F5 37 03 5C 75 0F 13 3F D1 7D  ...e5'.7.\u..?.}
00000130  36 B8 80 E4 5D 8F 73 16 41 A3 FE A4 6C 09 A8 F7  6...].s.A...l...
00000140  6B 59 E7 3C EB 96 EE 49 8F AC 4B F3 D9 49 7C 64  kY.<...I..K..I|d
00000150  32 8D 08 EB E2 4B 0E D6 29 C2 45 D9 6F CA E0 11  2....K..).E.o...
00000160  35 79 8C 2F E8 D9 B8 3B 5C E1 91 E5 48 30 61 A8  5y./...;\...H0a.
00000170  51 D6 0C 9D D3 C2 BF 1D B3 89 A3 D3 30 F8 00 D1  Q...........0...
00000180  19 BD 10 34 9D 05 A8 03 F5 63 72 D1 FB 15 76 E6  ...4.....cr...v.
00000190  F4 56 07 0B 23 28 9F FE B5 10 CD 43 E3 CD 50 A3  .V..#(.....C..P.
000001A0  87 A3 7F 66 98 D9 58 4C CB 24 78 D3 C1 40 C7 45  ..f..XL.$x..@.E
000001B0  F2 89 3F F8 17 48 0A 95 77 E0 F7 4C 75 75 EC 43  ..?..H..w..Luu.C
000001C0  17 11 5D 3F 4C FD 90 93 3B 4C 4F 82 97 78 F8 BA  ..]?L...;LO..x..
000001D0  88 E0 AD AF B2 37 4A 58 DC B6 78 0F 87 79 DB EB  .....7JX..x..y..
000001E0  77 65 AD 48 1F 7D A5 DD 63 FE E5 DD 74 22 3B 64  we.H.}..c...t";d
000001F0  A6 4E 06 76 FC 63 5C F7 58 5D 9F FA 5C 13 BB C9  .N.v.c\.X]..\...
00000200  D8 C3 FF F4 DE 3F BF 6F 8B FE 78 A5 2B C2 0B 43  .....?.o..x.+..C
00000210  F1 62 0F EB 9C 4C 9D 43 15 BE EF 22 89 63 82 8E  .b...L.C...".c..
00000220  6B DF 49 3A 55 46 F9 6C 71 95 A1 B1 61 90 8C 48  k.I:UF.lq...a..H
00000230  14 A8 4D 9F 2E 45 EE BD 98 5F 29 6C B2 F8 A5 40  ..M..E..._)l...@
00000240  09 CD C2 C6 01 B5 80 61 51 FE 09 50 10 CF 36 57  .......aQ..P..6W
00000250  01 83 38 A1 E3 20 1A CE 95 1D 09 64 4E 31 2C D1  ..8.. .....dN1,.
00000260  95 7E 52 8E 84 A4 9D A0 49 0E 9B 14 3C 9D 17 75  .~R.....I...<..u
00000270  5E DA 8D F4 E3 AD DB 1B 50 64 6E 96 00 5F A8 64  ^.......Pdn.._.d

[Cipher.init()]: mode: Encrypt mode, secretKey: javax.crypto.spec.SecretKeySpec spec:[object Object] , cipherObj: javax.crypto.Cipher@d349d39
Result:

  Offset  00 01 02 03 04 05 06 07 08 09 0A 0B 0C 0D 0E 0F
00000000  7B 22 63 6F 76 65 72 49 6D 61 67 65 55 72 6C 22  {"coverImageUrl"
00000010  3A 22 22 2C 22 73 68 6F 77 53 74 6F 72 79 22 3A  :"","showStory":
00000020  22 74 72 75 65 22 2C 22 61 6C 6C 6F 77 53 74 6F  "true","allowSto
00000030  72 79 50 6F 73 74 22 3A 74 72 75 65 2C 22 73 68  ryPost":true,"sh
00000040  6F 77 44 65 73 69 67 6E 61 74 69 6F 6E 42 75 74  owDesignationBut
00000050  74 6F 6E 22 3A 66 61 6C 73 65 2C 22 61 6C 6C 6F  ton":false,"allo
00000060  77 50 61 79 22 3A 66 61 6C 73 65 2C 22 73 74 6F  wPay":false,"sto
00000070  72 79 55 72 6C 22 3A 22 6B 61 6B 61 6F 73 74 6F  ryUrl":"kakaosto
00000080  72 79 3A 5C 2F 5C 2F 70 72 6F 66 69 6C 65 3F 69  ry:\/\/profile?i
00000090  64 74 79 70 65 3D 30 26 66 72 6F 6D 3D 74 61 6C  dtype=0&from=tal
000000A0  6B 26 69 64 3D 32 30 34 34 31 37 32 36 22 2C 22  k&id=20441726","
000000B0  73 74 6F 72 79 57 65 62 55 72 6C 22 3A 22 68 74  storyWebUrl":"ht
000000C0  74 70 73 3A 5C 2F 5C 2F 73 74 6F 72 79 2E 6B 61  tps:\/\/story.ka
000000D0  6B 61 6F 2E 63 6F 6D 5C 2F 5F 6A 47 78 4F 6A 35  kao.com\/_jGxOj5
000000E0  22 2C 22 73 74 6F 72 79 4E 65 77 42 61 64 67 65  ","storyNewBadge
000000F0  54 6F 6B 65 6E 22 3A 31 36 35 37 33 39 33 32 35  Token":165739325
00000100  34 2C 22 69 73 42 61 63 6B 67 72 6F 75 6E 64 41  4,"isBackgroundA
00000110  6E 69 6D 61 74 65 64 22 3A 66 61 6C 73 65 2C 22  nimated":false,"
00000120  69 73 46 72 6F 6E 74 41 6E 69 6D 61 74 65 64 22  isFrontAnimated"
00000130  3A 66 61 6C 73 65 2C 22 62 69 72 74 68 64 61 79  :false,"birthday
00000140  50 72 6F 66 69 6C 65 63 6F 6E 49 6D 61 67 65 55  ProfileconImageU
00000150  72 6C 22 3A 22 22 2C 22 69 73 43 6F 76 65 72 41  rl":"","isCoverA
00000160  6E 69 6D 61 74 65 64 22 3A 66 61 6C 73 65 2C 22  nimated":false,"
00000170  64 65 63 6F 72 61 74 69 6F 6E 22 3A 22 5B 5D 22  decoration":"[]"
00000180  2C 22 6F 72 69 67 69 6E 61 6C 42 61 63 6B 67 72  ,"originalBackgr
00000190  6F 75 6E 64 49 6D 61 67 65 55 72 6C 22 3A 22 22  oundImageUrl":""
000001A0  2C 22 61 6E 69 6D 61 74 65 64 42 61 63 6B 67 72  ,"animatedBackgr
000001B0  6F 75 6E 64 44 75 72 61 74 69 6F 6E 22 3A 30 2C  oundDuration":0,
000001C0  22 61 6E 69 6D 61 74 65 64 42 61 63 6B 67 72 6F  "animatedBackgro
000001D0  75 6E 64 4D 75 74 65 64 22 3A 66 61 6C 73 65 2C  undMuted":false,
000001E0  22 66 75 6C 6C 41 6E 69 6D 61 74 65 64 50 72 6F  "fullAnimatedPro
000001F0  66 69 6C 65 49 6D 61 67 65 55 72 6C 22 3A 22 22  fileImageUrl":""
00000200  2C 22 6F 72 69 67 69 6E 61 6C 41 6E 69 6D 61 74  ,"originalAnimat
00000210  65 64 50 72 6F 66 69 6C 65 49 6D 61 67 65 55 72  edProfileImageUr
00000220  6C 22 3A 22 22 2C 22 66 65 65 64 4C 61 73 74 53  l":"","feedLastS
00000230  65 65 6E 41 74 22 3A 31 36 38 32 35 30 35 37 30  eenAt":168250570
00000240  32 2C 22 62 69 72 74 68 64 61 79 47 69 66 74 4C  2,"birthdayGiftL
00000250  61 6E 64 69 6E 67 22 3A 22 22 2C 22 73 68 6F 77  anding":"","show
00000260  4D 65 42 61 64 67 65 22 3A 22 66 61 6C 73 65 22  MeBadge":"false"
00000270  7D                                               }               

[Cipher.init()]: mode: Decrypt mode, secretKey: javax.crypto.spec.SecretKeySpec spec:[object Object] , cipherObj: javax.crypto.Cipher@3c3eb7
[Cipher.doFinal2()]:   cipherObj: javax.crypto.Cipher@f689d55
In buffer (cipher: AES/CBC/PKCS5Padding):

  Offset  00 01 02 03 04 05 06 07 08 09 0A 0B 0C 0D 0E 0F
00000000  91 53 91 09 AD 32 C7 80 6C 6B 15 67 03 00 31 0A  .S...2..lk.g..1.
00000010  56 6A 91 3D 71 F3 87 10 4D 83 B7 1E F3 57 B2 E2  Vj.=q...M....W..
00000020  AE E2 8F EF 0A 85 6B 9B 87 5B 70 EA 72 85 CC 19  ......k..[p.r...
00000030  B0 AE 81 C6 4B 36 F1 F9 24 31 2E 68 A0 CD E9 12  ....K6..$1.h....
00000040  01 F1 70 81 64 5E A1 82 65 32 D5 8C 4A 05 D3 D2  ..p.d^..e2..J...
00000050  04 4F 35 B7 B7 69 C9 28 BB 59 40 A7 DB D8 87 22  .O5..i.(.Y@...."
00000060  68 D4 F8 F7 6B 71 AE EB 3A EB D3 5B 59 65 14 92  h...kq..:..[Ye..
00000070  2A B7 03 7F 22 CE 75 9D 47 53 15 D1 41 9C 99 2D  *..".u.GS..A..-
00000080  0F F7 6C 0E 40 9C 04 C2 91 A4 CB E9 94 F5 A3 28  ..l.@..........(
00000090  BB F4 95 D8 98 6A 51 5D C4 CC 6F 96 E2 B2 12 29  .....jQ]..o....)
000000A0  4A 66 83 FC 73 10 E4 62 35 C0 17 DA 0B 36 0F 8D  Jf..s..b5....6..
000000B0  9A D2 73 68 FD 6A 1A 6B 58 BF 13 E6 E3 30 9C 1C  ..sh.j.kX....0..
000000C0  E9 31 39 CC 4D A9 DA 3E 4F 83 1F 63 7A 5E DD 3B  .19.M..>O..cz^.;
000000D0  4F A7 15 F5 9D F3 AA BE 31 20 67 C4 2B 30 F2 81  O.......1 g.+0..
000000E0  AC 46 04 34 65 C4 93 5C F0 13 8B F6 1E 32 4C C5  .F.4e..\.....2L.
000000F0  DD 45 B2 49 FC B4 08 6A 92 16 5A 4F 6B AA 15 C0  .E.I...j..ZOk...
00000100  62 93 84 AD 50 B6 4D F5 C5 59 D2 53 89 44 E5 35  b...P.M..Y.S.D.5
00000110  A1 3B 99 FB 27 3F AE 8F 0D CA C4 04 7D 64 12 0C  .;..'?......}d..
00000120  C8 D3 D1 65 35 27 F5 37 03 5C 75 0F 13 3F D1 7D  ...e5'.7.\u..?.}
00000130  36 B8 80 E4 5D 8F 73 16 41 A3 FE A4 6C 09 A8 F7  6...].s.A...l...
00000140  6B 59 E7 3C EB 96 EE 49 8F AC 4B F3 D9 49 7C 64  kY.<...I..K..I|d
00000150  32 8D 08 EB E2 4B 0E D6 29 C2 45 D9 6F CA E0 11  2....K..).E.o...
00000160  35 79 8C 2F E8 D9 B8 3B 5C E1 91 E5 48 30 61 A8  5y./...;\...H0a.
00000170  51 D6 0C 9D D3 C2 BF 1D B3 89 A3 D3 30 F8 00 D1  Q...........0...
00000180  19 BD 10 34 9D 05 A8 03 F5 63 72 D1 FB 15 76 E6  ...4.....cr...v.
00000190  F4 56 07 0B 23 28 9F FE B5 10 CD 43 E3 CD 50 A3  .V..#(.....C..P.
000001A0  87 A3 7F 66 98 D9 58 4C CB 24 78 D3 C1 40 C7 45  ..f..XL.$x..@.E
000001B0  F2 89 3F F8 17 48 0A 95 77 E0 F7 4C 75 75 EC 43  ..?..H..w..Luu.C
000001C0  17 11 5D 3F 4C FD 90 93 3B 4C 4F 82 97 78 F8 BA  ..]?L...;LO..x..
000001D0  88 E0 AD AF B2 37 4A 58 DC B6 78 0F 87 79 DB EB  .....7JX..x..y..
000001E0  77 65 AD 48 1F 7D A5 DD 63 FE E5 DD 74 22 3B 64  we.H.}..c...t";d
000001F0  A6 4E 06 76 FC 63 5C F7 58 5D 9F FA 5C 13 BB C9  .N.v.c\.X]..\...
00000200  D8 C3 FF F4 DE 3F BF 6F 8B FE 78 A5 2B C2 0B 43  .....?.o..x.+..C
00000210  F1 62 0F EB 9C 4C 9D 43 15 BE EF 22 89 63 82 8E  .b...L.C...".c..
00000220  6B DF 49 3A 55 46 F9 6C 71 95 A1 B1 61 90 8C 48  k.I:UF.lq...a..H
00000230  14 A8 4D 9F 2E 45 EE BD 98 5F 29 6C B2 F8 A5 40  ..M..E..._)l...@
00000240  09 CD C2 C6 01 B5 80 61 51 FE 09 50 10 CF 36 57  .......aQ..P..6W
00000250  01 83 38 A1 E3 20 1A CE 95 1D 09 64 4E 31 2C D1  ..8.. .....dN1,.
00000260  95 7E 52 8E 84 A4 9D A0 49 0E 9B 14 3C 9D 17 75  .~R.....I...<..u
00000270  5E DA 8D F4 E3 AD DB 1B 50 64 6E 96 00 5F A8 64  ^.......Pdn.._.d

Result:

  Offset  00 01 02 03 04 05 06 07 08 09 0A 0B 0C 0D 0E 0F
00000000  7B 22 63 6F 76 65 72 49 6D 61 67 65 55 72 6C 22  {"coverImageUrl"
00000010  3A 22 22 2C 22 73 68 6F 77 53 74 6F 72 79 22 3A  :"","showStory":
00000020  22 74 72 75 65 22 2C 22 61 6C 6C 6F 77 53 74 6F  "true","allowSto
00000030  72 79 50 6F 73 74 22 3A 74 72 75 65 2C 22 73 68  ryPost":true,"sh
00000040  6F 77 44 65 73 69 67 6E 61 74 69 6F 6E 42 75 74  owDesignationBut
00000050  74 6F 6E 22 3A 66 61 6C 73 65 2C 22 61 6C 6C 6F  ton":false,"allo
00000060  77 50 61 79 22 3A 66 61 6C 73 65 2C 22 73 74 6F  wPay":false,"sto
00000070  72 79 55 72 6C 22 3A 22 6B 61 6B 61 6F 73 74 6F  ryUrl":"kakaosto
00000080  72 79 3A 5C 2F 5C 2F 70 72 6F 66 69 6C 65 3F 69  ry:\/\/profile?i
00000090  64 74 79 70 65 3D 30 26 66 72 6F 6D 3D 74 61 6C  dtype=0&from=tal
000000A0  6B 26 69 64 3D 32 30 34 34 31 37 32 36 22 2C 22  k&id=20441726","
000000B0  73 74 6F 72 79 57 65 62 55 72 6C 22 3A 22 68 74  storyWebUrl":"ht
000000C0  74 70 73 3A 5C 2F 5C 2F 73 74 6F 72 79 2E 6B 61  tps:\/\/story.ka
000000D0  6B 61 6F 2E 63 6F 6D 5C 2F 5F 6A 47 78 4F 6A 35  kao.com\/_jGxOj5
000000E0  22 2C 22 73 74 6F 72 79 4E 65 77 42 61 64 67 65  ","storyNewBadge
000000F0  54 6F 6B 65 6E 22 3A 31 36 35 37 33 39 33 32 35  Token":165739325
00000100  34 2C 22 69 73 42 61 63 6B 67 72 6F 75 6E 64 41  4,"isBackgroundA
00000110  6E 69 6D 61 74 65 64 22 3A 66 61 6C 73 65 2C 22  nimated":false,"
00000120  69 73 46 72 6F 6E 74 41 6E 69 6D 61 74 65 64 22  isFrontAnimated"
00000130  3A 66 61 6C 73 65 2C 22 62 69 72 74 68 64 61 79  :false,"birthday
00000140  50 72 6F 66 69 6C 65 63 6F 6E 49 6D 61 67 65 55  ProfileconImageU
00000150  72 6C 22 3A 22 22 2C 22 69 73 43 6F 76 65 72 41  rl":"","isCoverA
00000160  6E 69 6D 61 74 65 64 22 3A 66 61 6C 73 65 2C 22  nimated":false,"
00000170  64 65 63 6F 72 61 74 69 6F 6E 22 3A 22 5B 5D 22  decoration":"[]"
00000180  2C 22 6F 72 69 67 69 6E 61 6C 42 61 63 6B 67 72  ,"originalBackgr
00000190  6F 75 6E 64 49 6D 61 67 65 55 72 6C 22 3A 22 22  oundImageUrl":""
000001A0  2C 22 61 6E 69 6D 61 74 65 64 42 61 63 6B 67 72  ,"animatedBackgr
000001B0  6F 75 6E 64 44 75 72 61 74 69 6F 6E 22 3A 30 2C  oundDuration":0,
000001C0  22 61 6E 69 6D 61 74 65 64 42 61 63 6B 67 72 6F  "animatedBackgro
000001D0  75 6E 64 4D 75 74 65 64 22 3A 66 61 6C 73 65 2C  undMuted":false,
000001E0  22 66 75 6C 6C 41 6E 69 6D 61 74 65 64 50 72 6F  "fullAnimatedPro
000001F0  66 69 6C 65 49 6D 61 67 65 55 72 6C 22 3A 22 22  fileImageUrl":""
00000200  2C 22 6F 72 69 67 69 6E 61 6C 41 6E 69 6D 61 74  ,"originalAnimat
00000210  65 64 50 72 6F 66 69 6C 65 49 6D 61 67 65 55 72  edProfileImageUr
00000220  6C 22 3A 22 22 2C 22 66 65 65 64 4C 61 73 74 53  l":"","feedLastS
00000230  65 65 6E 41 74 22 3A 31 36 38 32 35 30 35 37 30  eenAt":168250570
00000240  32 2C 22 62 69 72 74 68 64 61 79 47 69 66 74 4C  2,"birthdayGiftL
00000250  61 6E 64 69 6E 67 22 3A 22 22 2C 22 73 68 6F 77  anding":"","show
00000260  4D 65 42 61 64 67 65 22 3A 22 66 61 6C 73 65 22  MeBadge":"false"
00000270  7D                                               }               

[Cipher.getInstance()]: type: AES/CBC/PKCS5Padding
[Cipher.getInstance()]:  cipherObj: javax.crypto.Cipher@de06bfa
[Cipher.getInstance()]: type: AES/CBC/PKCS5Padding
[Cipher.getInstance()]:  cipherObj: javax.crypto.Cipher@6d055ab
[Cipher.init()]: mode: Encrypt mode, secretKey: javax.crypto.spec.SecretKeySpec spec:[object Object] , cipherObj: javax.crypto.Cipher@de06bfa
[Cipher.init()]: mode: Decrypt mode, secretKey: javax.crypto.spec.SecretKeySpec spec:[object Object] , cipherObj: javax.crypto.Cipher@6d055ab
[Cipher.getInstance()]: type: AES/CBC/PKCS5Padding
[Cipher.getInstance()]:  cipherObj: javax.crypto.Cipher@2cc976c
[Cipher.getInstance()]: type: AES/CBC/PKCS5Padding
[Cipher.getInstance()]:  cipherObj: javax.crypto.Cipher@c79135
[Cipher.init()]: mode: Encrypt mode, secretKey: javax.crypto.spec.SecretKeySpec spec:[object Object] , cipherObj: javax.crypto.Cipher@2cc976c
[Cipher.init()]: mode: Decrypt mode, secretKey: javax.crypto.spec.SecretKeySpec spec:[object Object] , cipherObj: javax.crypto.Cipher@c79135
[Cipher.getInstance()]: type: AES/CBC/PKCS5Padding
[Cipher.getInstance()]:  cipherObj: javax.crypto.Cipher@d128d3f
[Cipher.getInstance()]: type: AES/CBC/PKCS5Padding
[Cipher.getInstance()]:  cipherObj: javax.crypto.Cipher@5a9860c
[Cipher.init()]: mode: Encrypt mode, secretKey: javax.crypto.spec.SecretKeySpec spec:[object Object] , cipherObj: javax.crypto.Cipher@d128d3f
[Cipher.init()]: mode: Decrypt mode, secretKey: javax.crypto.spec.SecretKeySpec spec:[object Object] , cipherObj: javax.crypto.Cipher@5a9860c
[Cipher.getInstance()]: type: AES/CBC/PKCS5Padding
[Cipher.getInstance()]:  cipherObj: javax.crypto.Cipher@c9f496a
[Cipher.getInstance()]: type: AES/CBC/PKCS5Padding
[Cipher.getInstance()]:  cipherObj: javax.crypto.Cipher@a2cbe5b
[Cipher.init()]: mode: Encrypt mode, secretKey: javax.crypto.spec.SecretKeySpec spec:[object Object] , cipherObj: javax.crypto.Cipher@c9f496a
[Cipher.init()]: mode: Decrypt mode, secretKey: javax.crypto.spec.SecretKeySpec spec:[object Object] , cipherObj: javax.crypto.Cipher@a2cbe5b
[Cipher.getInstance()]: type: AES/CBC/PKCS5Padding
[Cipher.getInstance()]:  cipherObj: javax.crypto.Cipher@6f1702a
[Cipher.getInstance()]: type: AES/CBC/PKCS5Padding
[Cipher.getInstance()]:  cipherObj: javax.crypto.Cipher@f75be1b
[Cipher.init()]: mode: Encrypt mode, secretKey: javax.crypto.spec.SecretKeySpec spec:[object Object] , cipherObj: javax.crypto.Cipher@6f1702a
[Cipher.init()]: mode: Decrypt mode, secretKey: javax.crypto.spec.SecretKeySpec spec:[object Object] , cipherObj: javax.crypto.Cipher@f75be1b
[Cipher.getInstance()]: type: AES/CBC/PKCS5Padding
[Cipher.getInstance()]:  cipherObj: javax.crypto.Cipher@71b9030
[Cipher.getInstance()]: type: AES/CBC/PKCS5Padding
[Cipher.getInstance()]:  cipherObj: javax.crypto.Cipher@1cb34a9
[Cipher.init()]: mode: Encrypt mode, secretKey: javax.crypto.spec.SecretKeySpec spec:[object Object] , cipherObj: javax.crypto.Cipher@71b9030
[Cipher.init()]: mode: Decrypt mode, secretKey: javax.crypto.spec.SecretKeySpec spec:[object Object] , cipherObj: javax.crypto.Cipher@1cb34a9
[Cipher.getInstance()]: type: AES/CBC/PKCS5Padding
[Cipher.getInstance()]:  cipherObj: javax.crypto.Cipher@57d64fb
[Cipher.getInstance()]: type: AES/CBC/PKCS5Padding
[Cipher.getInstance()]:  cipherObj: javax.crypto.Cipher@4aa918
[Cipher.init()]: mode: Encrypt mode, secretKey: javax.crypto.spec.SecretKeySpec spec:[object Object] , cipherObj: javax.crypto.Cipher@57d64fb
[Cipher.init()]: mode: Decrypt mode, secretKey: javax.crypto.spec.SecretKeySpec spec:[object Object] , cipherObj: javax.crypto.Cipher@4aa918
[Cipher.getInstance()]: type: AES/CBC/PKCS5Padding
[Cipher.getInstance()]:  cipherObj: javax.crypto.Cipher@d447c9b
[Cipher.getInstance()]: type: AES/CBC/PKCS5Padding
[Cipher.getInstance()]:  cipherObj: javax.crypto.Cipher@f027838
[Cipher.init()]: mode: Encrypt mode, secretKey: javax.crypto.spec.SecretKeySpec spec:[object Object] , cipherObj: javax.crypto.Cipher@d447c9b
[Cipher.init()]: mode: Decrypt mode, secretKey: javax.crypto.spec.SecretKeySpec spec:[object Object] , cipherObj: javax.crypto.Cipher@f027838
[Cipher.getInstance()]: type: AES/CBC/PKCS5Padding
[Cipher.getInstance()]:  cipherObj: javax.crypto.Cipher@f715d4e
[Cipher.getInstance()]: type: AES/CBC/PKCS5Padding
[Cipher.getInstance()]:  cipherObj: javax.crypto.Cipher@606ae6f
[Cipher.init()]: mode: Encrypt mode, secretKey: javax.crypto.spec.SecretKeySpec spec:[object Object] , cipherObj: javax.crypto.Cipher@f715d4e
[Cipher.init()]: mode: Decrypt mode, secretKey: javax.crypto.spec.SecretKeySpec spec:[object Object] , cipherObj: javax.crypto.Cipher@606ae6f
[Cipher.getInstance()]: type: AES/CBC/PKCS5Padding
[Cipher.getInstance()]:  cipherObj: javax.crypto.Cipher@7090be
[Cipher.getInstance()]: type: AES/CBC/PKCS5Padding
[Cipher.getInstance()]:  cipherObj: javax.crypto.Cipher@cfbb51f
[Cipher.init()]: mode: Encrypt mode, secretKey: javax.crypto.spec.SecretKeySpec spec:[object Object] , cipherObj: javax.crypto.Cipher@7090be
[Cipher.init()]: mode: Decrypt mode, secretKey: javax.crypto.spec.SecretKeySpec spec:[object Object] , cipherObj: javax.crypto.Cipher@cfbb51f
[Cipher.getInstance()]: type: AES/CBC/PKCS5Padding
[Cipher.getInstance()]:  cipherObj: javax.crypto.Cipher@3ebe6a5
[Cipher.getInstance()]: type: AES/CBC/PKCS5Padding
[Cipher.getInstance()]:  cipherObj: javax.crypto.Cipher@455aa7a
[Cipher.init()]: mode: Encrypt mode, secretKey: javax.crypto.spec.SecretKeySpec spec:[object Object] , cipherObj: javax.crypto.Cipher@3ebe6a5
[Cipher.init()]: mode: Decrypt mode, secretKey: javax.crypto.spec.SecretKeySpec spec:[object Object] , cipherObj: javax.crypto.Cipher@455aa7a
[Cipher.getInstance()]: type: AES/CBC/PKCS5Padding
[Cipher.getInstance()]:  cipherObj: javax.crypto.Cipher@8fdc12a
[Cipher.getInstance()]: type: AES/CBC/PKCS5Padding
[Cipher.getInstance()]:  cipherObj: javax.crypto.Cipher@5623b1b
[Cipher.init()]: mode: Encrypt mode, secretKey: javax.crypto.spec.SecretKeySpec spec:[object Object] , cipherObj: javax.crypto.Cipher@8fdc12a
[Cipher.init()]: mode: Decrypt mode, secretKey: javax.crypto.spec.SecretKeySpec spec:[object Object] , cipherObj: javax.crypto.Cipher@5623b1b
[Cipher.getInstance()]: type: AES/CBC/PKCS5Padding
[Cipher.getInstance()]:  cipherObj: javax.crypto.Cipher@173d4ed
[Cipher.getInstance()]: type: AES/CBC/PKCS5Padding
[Cipher.getInstance()]:  cipherObj: javax.crypto.Cipher@5800f22
[Cipher.init()]: mode: Encrypt mode, secretKey: javax.crypto.spec.SecretKeySpec spec:[object Object] , cipherObj: javax.crypto.Cipher@173d4ed
[Cipher.init()]: mode: Decrypt mode, secretKey: javax.crypto.spec.SecretKeySpec spec:[object Object] , cipherObj: javax.crypto.Cipher@5800f22
[Cipher.getInstance()]: type: AES/CBC/PKCS5Padding
[Cipher.getInstance()]:  cipherObj: javax.crypto.Cipher@c148d5e
[Cipher.getInstance()]: type: AES/CBC/PKCS5Padding
[Cipher.getInstance()]:  cipherObj: javax.crypto.Cipher@c87053f
[Cipher.init()]: mode: Encrypt mode, secretKey: javax.crypto.spec.SecretKeySpec spec:[object Object] , cipherObj: javax.crypto.Cipher@c148d5e
[Cipher.init()]: mode: Decrypt mode, secretKey: javax.crypto.spec.SecretKeySpec spec:[object Object] , cipherObj: javax.crypto.Cipher@c87053f
[Cipher.getInstance()]: type: AES/CBC/PKCS5Padding
[Cipher.getInstance()]:  cipherObj: javax.crypto.Cipher@3814833
[Cipher.getInstance()]: type: AES/CBC/PKCS5Padding
[Cipher.getInstance()]:  cipherObj: javax.crypto.Cipher@c7d77f0
[Cipher.init()]: mode: Encrypt mode, secretKey: javax.crypto.spec.SecretKeySpec spec:[object Object] , cipherObj: javax.crypto.Cipher@3814833
[Cipher.init()]: mode: Decrypt mode, secretKey: javax.crypto.spec.SecretKeySpec spec:[object Object] , cipherObj: javax.crypto.Cipher@c7d77f0
[Cipher.getInstance()]: type: AES/CBC/PKCS5Padding
[Cipher.getInstance()]:  cipherObj: javax.crypto.Cipher@2a74b80
[Cipher.getInstance()]: type: AES/CBC/PKCS5Padding
[Cipher.getInstance()]:  cipherObj: javax.crypto.Cipher@f3c55b9
[Cipher.init()]: mode: Encrypt mode, secretKey: javax.crypto.spec.SecretKeySpec spec:[object Object] , cipherObj: javax.crypto.Cipher@2a74b80
[Cipher.init()]: mode: Decrypt mode, secretKey: javax.crypto.spec.SecretKeySpec spec:[object Object] , cipherObj: javax.crypto.Cipher@f3c55b9
