KeyStore hooks loaded!
[Keystore.getInstance()]: type: BKS
[Keystore.load(InputStream, char[])]: keystoreType: BKS, password: 'am_i_safe_now_kakaoteam', inputSteam: android.content.res.AssetManager$AssetInputStream@934c65f
[Keystore.getInstance()]: type: BKS
[Keystore.load(InputStream, char[])]: keystoreType: BKS, password: '(null)', inputSteam: null
[Keystore.getInstance()]: type: BKS
[Keystore.load(InputStream, char[])]: keystoreType: BKS, password: 'am_i_safe_now_kakaoteam', inputSteam: android.content.res.AssetManager$AssetInputStream@b065362
[Keystore.getInstance()]: type: BKS
[Keystore.load(InputStream, char[])]: keystoreType: BKS, password: 'am_i_safe_now_kakaoteam', inputSteam: android.content.res.AssetManager$AssetInputStream@154e03f
[Keystore.getInstance()]: type: BKS
[Keystore.load(InputStream, char[])]: keystoreType: BKS, password: 'am_i_safe_now_kakaoteam', inputSteam: android.content.res.AssetManager$AssetInputStream@7d3192e
[Keystore.getInstance()]: type: BKS
[Keystore.load(InputStream, char[])]: keystoreType: BKS, password: 'am_i_safe_now_kakaoteam', inputSteam: android.content.res.AssetManager$AssetInputStream@77ccae1
[Keystore.getInstance()]: type: BKS
[Keystore.load(LoadStoreParameter)]: keystoreType: BKS, param: null
[Keystore.getInstance()]: type: BKS
[Keystore.load(InputStream, char[])]: keystoreType: BKS, password: '(null)', inputSteam: null
[Keystore.getInstance()]: type: BKS
[Keystore.load(InputStream, char[])]: keystoreType: BKS, password: 'am_i_safe_now_kakaoteam', inputSteam: android.content.res.AssetManager$AssetInputStream@c7620ea
[Keystore.getInstance()]: type: BKS
[Keystore.load(InputStream, char[])]: keystoreType: BKS, password: 'am_i_safe_now_kakaoteam', inputSteam: android.content.res.AssetManager$AssetInputStream@92afa77
[Keystore.getInstance()]: type: BKS
[Keystore.load(LoadStoreParameter)]: keystoreType: BKS, param: null
[Keystore.getInstance()]: type: BKS
[Keystore.load(LoadStoreParameter)]: keystoreType: BKS, param: null
[Keystore.getInstance()]: type: BKS
[Keystore.load(LoadStoreParameter)]: keystoreType: BKS, param: null
[Keystore.getInstance()]: type: BKS
[Keystore.load(InputStream, char[])]: keystoreType: BKS, password: 'am_i_safe_now_kakaoteam', inputSteam: android.content.res.AssetManager$AssetInputStream@bf1e6b9
[Keystore.getInstance()]: type: BKS
[Keystore.load(LoadStoreParameter)]: keystoreType: BKS, param: null
[Keystore.getInstance()]: type: BKS
[Keystore.load(InputStream, char[])]: keystoreType: BKS, password: 'am_i_safe_now_kakaoteam', inputSteam: android.content.res.AssetManager$AssetInputStream@692ae96
[Keystore.getInstance()]: type: BKS
[Keystore.load(InputStream, char[])]: keystoreType: BKS, password: 'am_i_safe_now_kakaoteam', inputSteam: android.content.res.AssetManager$AssetInputStream@feb734c
[Keystore.getInstance()]: type: BKS
[Keystore.load(InputStream, char[])]: keystoreType: BKS, password: 'am_i_safe_now_kakaoteam', inputSteam: android.content.res.AssetManager$AssetInputStream@ce218aa
[Keystore.getInstance()]: type: BKS
[Keystore.load(LoadStoreParameter)]: keystoreType: BKS, param: null
[Keystore.getInstance()]: type: BKS
[Keystore.load(InputStream, char[])]: keystoreType: BKS, password: 'am_i_safe_now_kakaoteam', inputSteam: android.content.res.AssetManager$AssetInputStream@6a4e7f3
[Keystore.getInstance()]: type: BKS
[Keystore.load(LoadStoreParameter)]: keystoreType: BKS, param: null
[Keystore.getInstance()]: type: BKS
[Keystore.load(LoadStoreParameter)]: keystoreType: BKS, param: null
[Keystore.getInstance()]: type: BKS
[Keystore.load(InputStream, char[])]: keystoreType: BKS, password: 'am_i_safe_now_kakaoteam', inputSteam: android.content.res.AssetManager$AssetInputStream@380d082
[Keystore.getInstance()]: type: BKS
[Keystore.load(LoadStoreParameter)]: keystoreType: BKS, param: null
[Keystore.getInstance()]: type: BKS
[Keystore.load(InputStream, char[])]: keystoreType: BKS, password: 'am_i_safe_now_kakaoteam', inputSteam: android.content.res.AssetManager$AssetInputStream@1f63f4
[Keystore.getInstance()]: type: BKS
[Keystore.load(LoadStoreParameter)]: keystoreType: BKS, param: null
